{"C:\\Users\\lenovo\\OneDrive\\Desktop\\fifa\\Assets\\fifa.png": {"path":"C:\\Users\\lenovo\\OneDrive\\Desktop\\fifa\\Assets\\fifa.png","statementMap":{},"fnMap":{},"branchMap":{},"s":{},"f":{},"b":{},"meta":{"lastBranch":0,"lastFunction":0,"lastStatement":0,"seen":{},"fnNames":{}}}
,"C:\\Users\\lenovo\\OneDrive\\Desktop\\fifa\\src\\App.tsx": {"path":"C:\\Users\\lenovo\\OneDrive\\Desktop\\fifa\\src\\App.tsx","statementMap":{"0":{"start":{"line":6,"column":21},"end":{"line":6,"column":null}},"1":{"start":{"line":6,"column":38},"end":{"line":6,"column":null}},"2":{"start":{"line":7,"column":23},"end":{"line":7,"column":null}},"3":{"start":{"line":7,"column":40},"end":{"line":7,"column":null}},"4":{"start":{"line":8,"column":19},"end":{"line":8,"column":null}},"5":{"start":{"line":8,"column":36},"end":{"line":8,"column":null}},"6":{"start":{"line":10,"column":6},"end":{"line":14,"column":null}},"7":{"start":{"line":11,"column":2},"end":{"line":14,"column":null}},"8":{"start":{"line":18,"column":22},"end":{"line":18,"column":37}},"9":{"start":{"line":19,"column":38},"end":{"line":19,"column":null}},"10":{"start":{"line":20,"column":58},"end":{"line":20,"column":null}},"11":{"start":{"line":22,"column":8},"end":{"line":25,"column":null}},"12":{"start":{"line":23,"column":4},"end":{"line":23,"column":null}},"13":{"start":{"line":24,"column":4},"end":{"line":24,"column":null}},"14":{"start":{"line":27,"column":2},"end":{"line":131,"column":null}},"15":{"start":{"line":40,"column":12},"end":{"line":56,"column":null}},"16":{"start":{"line":72,"column":29},"end":{"line":72,"column":null}},"17":{"start":{"line":84,"column":29},"end":{"line":84,"column":null}},"18":{"start":{"line":109,"column":36},"end":{"line":109,"column":63}},"19":{"start":{"line":110,"column":36},"end":{"line":110,"column":63}},"20":{"start":{"line":111,"column":36},"end":{"line":111,"column":63}},"21":{"start":{"line":126,"column":41},"end":{"line":126,"column":73}}},"fnMap":{"0":{"name":"(anonymous_0)","decl":{"start":{"line":6,"column":27},"end":{"line":6,"column":38}},"loc":{"start":{"line":6,"column":38},"end":{"line":6,"column":null}},"line":6},"1":{"name":"(anonymous_1)","decl":{"start":{"line":7,"column":29},"end":{"line":7,"column":40}},"loc":{"start":{"line":7,"column":40},"end":{"line":7,"column":null}},"line":7},"2":{"name":"(anonymous_2)","decl":{"start":{"line":8,"column":25},"end":{"line":8,"column":36}},"loc":{"start":{"line":8,"column":36},"end":{"line":8,"column":null}},"line":8},"3":{"name":"(anonymous_3)","decl":{"start":{"line":10,"column":6},"end":{"line":10,"column":null}},"loc":{"start":{"line":11,"column":2},"end":{"line":14,"column":null}},"line":11},"4":{"name":"App","decl":{"start":{"line":17,"column":9},"end":{"line":17,"column":15}},"loc":{"start":{"line":17,"column":15},"end":{"line":133,"column":null}},"line":17},"5":{"name":"(anonymous_5)","decl":{"start":{"line":22,"column":8},"end":{"line":22,"column":29}},"loc":{"start":{"line":22,"column":29},"end":{"line":25,"column":null}},"line":22},"6":{"name":"(anonymous_6)","decl":{"start":{"line":39,"column":25},"end":{"line":39,"column":30}},"loc":{"start":{"line":40,"column":12},"end":{"line":56,"column":null}},"line":40},"7":{"name":"(anonymous_7)","decl":{"start":{"line":72,"column":14},"end":{"line":72,"column":29}},"loc":{"start":{"line":72,"column":29},"end":{"line":72,"column":null}},"line":72},"8":{"name":"(anonymous_8)","decl":{"start":{"line":84,"column":14},"end":{"line":84,"column":29}},"loc":{"start":{"line":84,"column":29},"end":{"line":84,"column":null}},"line":84},"9":{"name":"(anonymous_9)","decl":{"start":{"line":109,"column":21},"end":{"line":109,"column":36}},"loc":{"start":{"line":109,"column":36},"end":{"line":109,"column":63}},"line":109},"10":{"name":"(anonymous_10)","decl":{"start":{"line":110,"column":21},"end":{"line":110,"column":36}},"loc":{"start":{"line":110,"column":36},"end":{"line":110,"column":63}},"line":110},"11":{"name":"(anonymous_11)","decl":{"start":{"line":111,"column":21},"end":{"line":111,"column":36}},"loc":{"start":{"line":111,"column":36},"end":{"line":111,"column":63}},"line":111},"12":{"name":"(anonymous_12)","decl":{"start":{"line":126,"column":26},"end":{"line":126,"column":41}},"loc":{"start":{"line":126,"column":41},"end":{"line":126,"column":73}},"line":126}},"branchMap":{"0":{"loc":{"start":{"line":34,"column":7},"end":{"line":58,"column":null}},"type":"binary-expr","locations":[{"start":{"line":34,"column":7},"end":{"line":34,"column":null}},{"start":{"line":35,"column":8},"end":{"line":58,"column":null}}],"line":34},"1":{"loc":{"start":{"line":75,"column":191},"end":{"line":77,"column":null}},"type":"cond-expr","locations":[{"start":{"line":76,"column":20},"end":{"line":76,"column":null}},{"start":{"line":77,"column":20},"end":{"line":77,"column":null}}],"line":75},"2":{"loc":{"start":{"line":87,"column":190},"end":{"line":89,"column":null}},"type":"cond-expr","locations":[{"start":{"line":88,"column":20},"end":{"line":88,"column":null}},{"start":{"line":89,"column":20},"end":{"line":89,"column":null}}],"line":87},"3":{"loc":{"start":{"line":97,"column":11},"end":{"line":105,"column":null}},"type":"binary-expr","locations":[{"start":{"line":97,"column":11},"end":{"line":97,"column":null}},{"start":{"line":98,"column":12},"end":{"line":105,"column":null}}],"line":97},"4":{"loc":{"start":{"line":109,"column":118},"end":{"line":109,"column":207}},"type":"cond-expr","locations":[{"start":{"line":109,"column":143},"end":{"line":109,"column":170}},{"start":{"line":109,"column":170},"end":{"line":109,"column":207}}],"line":109},"5":{"loc":{"start":{"line":110,"column":118},"end":{"line":110,"column":207}},"type":"cond-expr","locations":[{"start":{"line":110,"column":143},"end":{"line":110,"column":170}},{"start":{"line":110,"column":170},"end":{"line":110,"column":207}}],"line":110},"6":{"loc":{"start":{"line":111,"column":118},"end":{"line":111,"column":207}},"type":"cond-expr","locations":[{"start":{"line":111,"column":143},"end":{"line":111,"column":170}},{"start":{"line":111,"column":170},"end":{"line":111,"column":207}}],"line":111},"7":{"loc":{"start":{"line":118,"column":26},"end":{"line":118,"column":85}},"type":"cond-expr","locations":[{"start":{"line":118,"column":49},"end":{"line":118,"column":75}},{"start":{"line":118,"column":75},"end":{"line":118,"column":85}}],"line":118},"8":{"loc":{"start":{"line":122,"column":26},"end":{"line":122,"column":87}},"type":"cond-expr","locations":[{"start":{"line":122,"column":51},"end":{"line":122,"column":77}},{"start":{"line":122,"column":77},"end":{"line":122,"column":87}}],"line":122},"9":{"loc":{"start":{"line":123,"column":13},"end":{"line":126,"column":null}},"type":"cond-expr","locations":[{"start":{"line":124,"column":14},"end":{"line":126,"column":15}},{"start":{"line":126,"column":14},"end":{"line":126,"column":null}}],"line":123}},"s":{"0":1,"1":1,"2":1,"3":1,"4":1,"5":1,"6":1,"7":2,"8":5,"9":5,"10":5,"11":5,"12":1,"13":1,"14":5,"15":24,"16":0,"17":1,"18":0,"19":0,"20":0,"21":1},"f":{"0":1,"1":1,"2":1,"3":2,"4":5,"5":1,"6":24,"7":0,"8":1,"9":0,"10":0,"11":0,"12":1},"b":{"0":[5,3],"1":[3,2],"2":[2,3],"3":[5,1],"4":[5,0],"5":[0,5],"6":[0,5],"7":[3,2],"8":[2,3],"9":[1,4]},"meta":{"lastBranch":10,"lastFunction":13,"lastStatement":22,"seen":{"s:6:21:6:Infinity":0,"f:6:27:6:38":0,"s:6:38:6:Infinity":1,"s:7:23:7:Infinity":2,"f:7:29:7:40":1,"s:7:40:7:Infinity":3,"s:8:19:8:Infinity":4,"f:8:25:8:36":2,"s:8:36:8:Infinity":5,"s:10:6:14:Infinity":6,"f:10:6:10:Infinity":3,"s:11:2:14:Infinity":7,"f:17:9:17:15":4,"s:18:22:18:37":8,"s:19:38:19:Infinity":9,"s:20:58:20:Infinity":10,"s:22:8:25:Infinity":11,"f:22:8:22:29":5,"s:23:4:23:Infinity":12,"s:24:4:24:Infinity":13,"s:27:2:131:Infinity":14,"b:34:7:34:Infinity:35:8:58:Infinity":0,"f:39:25:39:30":6,"s:40:12:56:Infinity":15,"f:72:14:72:29":7,"s:72:29:72:Infinity":16,"b:76:20:76:Infinity:77:20:77:Infinity":1,"f:84:14:84:29":8,"s:84:29:84:Infinity":17,"b:88:20:88:Infinity:89:20:89:Infinity":2,"b:97:11:97:Infinity:98:12:105:Infinity":3,"f:109:21:109:36":9,"s:109:36:109:63":18,"b:109:143:109:170:109:170:109:207":4,"f:110:21:110:36":10,"s:110:36:110:63":19,"b:110:143:110:170:110:170:110:207":5,"f:111:21:111:36":11,"s:111:36:111:63":20,"b:111:143:111:170:111:170:111:207":6,"b:118:49:118:75:118:75:118:85":7,"b:122:51:122:77:122:77:122:87":8,"b:124:14:126:15:126:14:126:Infinity":9,"f:126:26:126:41":12,"s:126:41:126:73":21},"fnNames":{}}}
,"C:\\Users\\lenovo\\OneDrive\\Desktop\\fifa\\src\\setupTests.ts": {"path":"C:\\Users\\lenovo\\OneDrive\\Desktop\\fifa\\src\\setupTests.ts","statementMap":{"0":{"start":{"line":20,"column":0},"end":{"line":42,"column":null}},"1":{"start":{"line":20,"column":32},"end":{"line":42,"column":2}},"2":{"start":{"line":21,"column":25},"end":{"line":41,"column":null}},"3":{"start":{"line":24,"column":51},"end":{"line":34,"column":null}},"4":{"start":{"line":35,"column":6},"end":{"line":35,"column":null}},"5":{"start":{"line":38,"column":28},"end":{"line":38,"column":null}},"6":{"start":{"line":1,"column":0},"end":{"line":1,"column":null}},"7":{"start":{"line":5,"column":0},"end":{"line":17,"column":null}},"8":{"start":{"line":7,"column":46},"end":{"line":16,"column":4}},"9":{"start":{"line":62,"column":42},"end":{"line":62,"column":null}},"10":{"start":{"line":65,"column":4},"end":{"line":65,"column":null}},"11":{"start":{"line":66,"column":4},"end":{"line":66,"column":null}},"12":{"start":{"line":71,"column":4},"end":{"line":88,"column":null}},"13":{"start":{"line":72,"column":44},"end":{"line":72,"column":null}},"14":{"start":{"line":74,"column":6},"end":{"line":80,"column":null}},"15":{"start":{"line":75,"column":8},"end":{"line":75,"column":null}},"16":{"start":{"line":76,"column":8},"end":{"line":76,"column":null}},"17":{"start":{"line":77,"column":13},"end":{"line":80,"column":null}},"18":{"start":{"line":78,"column":8},"end":{"line":78,"column":null}},"19":{"start":{"line":79,"column":8},"end":{"line":79,"column":null}},"20":{"start":{"line":82,"column":6},"end":{"line":84,"column":null}},"21":{"start":{"line":83,"column":8},"end":{"line":83,"column":null}},"22":{"start":{"line":83,"column":48},"end":{"line":83,"column":65}},"23":{"start":{"line":85,"column":6},"end":{"line":87,"column":null}},"24":{"start":{"line":86,"column":8},"end":{"line":86,"column":null}},"25":{"start":{"line":94,"column":4},"end":{"line":94,"column":null}},"26":{"start":{"line":94,"column":32},"end":{"line":94,"column":null}},"27":{"start":{"line":95,"column":4},"end":{"line":95,"column":null}},"28":{"start":{"line":99,"column":4},"end":{"line":101,"column":null}},"29":{"start":{"line":100,"column":6},"end":{"line":100,"column":null}},"30":{"start":{"line":100,"column":65},"end":{"line":100,"column":80}},"31":{"start":{"line":105,"column":0},"end":{"line":105,"column":null}}},"fnMap":{"0":{"name":"(anonymous_0)","decl":{"start":{"line":20,"column":8},"end":{"line":20,"column":32}},"loc":{"start":{"line":20,"column":32},"end":{"line":42,"column":2}},"line":20},"1":{"name":"(anonymous_1)","decl":{"start":{"line":21,"column":2},"end":{"line":21,"column":25}},"loc":{"start":{"line":21,"column":25},"end":{"line":41,"column":null}},"line":21},"2":{"name":"(anonymous_2)","decl":{"start":{"line":22,"column":4},"end":{"line":22,"column":8}},"loc":{"start":{"line":22,"column":24},"end":{"line":36,"column":null}},"line":22},"3":{"name":"(anonymous_3)","decl":{"start":{"line":38,"column":6},"end":{"line":38,"column":28}},"loc":{"start":{"line":38,"column":28},"end":{"line":38,"column":null}},"line":38},"4":{"name":"(anonymous_4)","decl":{"start":{"line":38,"column":32},"end":{"line":38,"column":46}},"loc":{"start":{"line":38,"column":46},"end":{"line":38,"column":48}},"line":38},"5":{"name":"(anonymous_5)","decl":{"start":{"line":7,"column":17},"end":{"line":7,"column":36}},"loc":{"start":{"line":7,"column":46},"end":{"line":16,"column":4}},"line":7},"6":{"name":"constructor","decl":{"start":{"line":64,"column":2},"end":{"line":64,"column":14}},"loc":{"start":{"line":64,"column":33},"end":{"line":67,"column":null}},"line":64},"7":{"name":"(anonymous_7)","decl":{"start":{"line":66,"column":9},"end":{"line":66,"column":27}},"loc":{"start":{"line":66,"column":27},"end":{"line":66,"column":null}},"line":66},"8":{"name":"postMessage","decl":{"start":{"line":69,"column":2},"end":{"line":69,"column":14}},"loc":{"start":{"line":69,"column":34},"end":{"line":89,"column":null}},"line":69},"9":{"name":"(anonymous_9)","decl":{"start":{"line":71,"column":22},"end":{"line":71,"column":33}},"loc":{"start":{"line":71,"column":33},"end":{"line":88,"column":5}},"line":71},"10":{"name":"(anonymous_10)","decl":{"start":{"line":83,"column":34},"end":{"line":83,"column":42}},"loc":{"start":{"line":83,"column":48},"end":{"line":83,"column":65}},"line":83},"11":{"name":"terminate","decl":{"start":{"line":91,"column":2},"end":{"line":91,"column":14}},"loc":{"start":{"line":91,"column":14},"end":{"line":91,"column":null}},"line":91},"12":{"name":"addEventListener","decl":{"start":{"line":93,"column":2},"end":{"line":93,"column":19}},"loc":{"start":{"line":93,"column":49},"end":{"line":96,"column":null}},"line":93},"13":{"name":"removeEventListener","decl":{"start":{"line":98,"column":2},"end":{"line":98,"column":22}},"loc":{"start":{"line":98,"column":52},"end":{"line":102,"column":null}},"line":98},"14":{"name":"(anonymous_14)","decl":{"start":{"line":100,"column":52},"end":{"line":100,"column":59}},"loc":{"start":{"line":100,"column":65},"end":{"line":100,"column":80}},"line":100}},"branchMap":{"0":{"loc":{"start":{"line":35,"column":13},"end":{"line":35,"column":null}},"type":"binary-expr","locations":[{"start":{"line":35,"column":13},"end":{"line":35,"column":34}},{"start":{"line":35,"column":34},"end":{"line":35,"column":null}}],"line":35},"1":{"loc":{"start":{"line":74,"column":6},"end":{"line":80,"column":null}},"type":"if","locations":[{"start":{"line":74,"column":6},"end":{"line":80,"column":null}},{"start":{"line":77,"column":13},"end":{"line":80,"column":null}}],"line":74},"2":{"loc":{"start":{"line":77,"column":13},"end":{"line":80,"column":null}},"type":"if","locations":[{"start":{"line":77,"column":13},"end":{"line":80,"column":null}},{"start":{},"end":{}}],"line":77},"3":{"loc":{"start":{"line":82,"column":6},"end":{"line":84,"column":null}},"type":"if","locations":[{"start":{"line":82,"column":6},"end":{"line":84,"column":null}},{"start":{},"end":{}}],"line":82},"4":{"loc":{"start":{"line":85,"column":6},"end":{"line":87,"column":null}},"type":"if","locations":[{"start":{"line":85,"column":6},"end":{"line":87,"column":null}},{"start":{},"end":{}}],"line":85},"5":{"loc":{"start":{"line":94,"column":4},"end":{"line":94,"column":null}},"type":"if","locations":[{"start":{"line":94,"column":4},"end":{"line":94,"column":null}},{"start":{},"end":{}}],"line":94},"6":{"loc":{"start":{"line":99,"column":4},"end":{"line":101,"column":null}},"type":"if","locations":[{"start":{"line":99,"column":4},"end":{"line":101,"column":null}},{"start":{},"end":{}}],"line":99}},"s":{"0":6,"1":2,"2":17,"3":41,"4":41,"5":0,"6":6,"7":6,"8":0,"9":5,"10":5,"11":5,"12":2,"13":2,"14":2,"15":2,"16":2,"17":0,"18":0,"19":0,"20":2,"21":2,"22":2,"23":2,"24":2,"25":2,"26":2,"27":2,"28":2,"29":2,"30":2,"31":6},"f":{"0":2,"1":17,"2":41,"3":0,"4":0,"5":0,"6":5,"7":2,"8":2,"9":2,"10":2,"11":5,"12":2,"13":2,"14":2},"b":{"0":[41,2],"1":[2,0],"2":[0,0],"3":[2,0],"4":[2,0],"5":[2,0],"6":[2,0]},"meta":{"lastBranch":7,"lastFunction":15,"lastStatement":32,"seen":{"s:20:0:42:Infinity":0,"f:20:8:20:32":0,"s:20:32:42:2":1,"f:21:2:21:25":1,"s:21:25:41:Infinity":2,"f:22:4:22:8":2,"s:24:51:34:Infinity":3,"s:35:6:35:Infinity":4,"b:35:13:35:34:35:34:35:Infinity":0,"f:38:6:38:28":3,"s:38:28:38:Infinity":5,"f:38:32:38:46":4,"s:1:0:1:Infinity":6,"s:5:0:17:Infinity":7,"f:7:17:7:36":5,"s:7:46:16:4":8,"s:62:42:62:Infinity":9,"f:64:2:64:14":6,"s:65:4:65:Infinity":10,"s:66:4:66:Infinity":11,"f:66:9:66:27":7,"f:69:2:69:14":8,"s:71:4:88:Infinity":12,"f:71:22:71:33":9,"s:72:44:72:Infinity":13,"b:74:6:80:Infinity:77:13:80:Infinity":1,"s:74:6:80:Infinity":14,"s:75:8:75:Infinity":15,"s:76:8:76:Infinity":16,"b:77:13:80:Infinity:undefined:undefined:undefined:undefined":2,"s:77:13:80:Infinity":17,"s:78:8:78:Infinity":18,"s:79:8:79:Infinity":19,"b:82:6:84:Infinity:undefined:undefined:undefined:undefined":3,"s:82:6:84:Infinity":20,"s:83:8:83:Infinity":21,"f:83:34:83:42":10,"s:83:48:83:65":22,"b:85:6:87:Infinity:undefined:undefined:undefined:undefined":4,"s:85:6:87:Infinity":23,"s:86:8:86:Infinity":24,"f:91:2:91:14":11,"f:93:2:93:19":12,"b:94:4:94:Infinity:undefined:undefined:undefined:undefined":5,"s:94:4:94:Infinity":25,"s:94:32:94:Infinity":26,"s:95:4:95:Infinity":27,"f:98:2:98:22":13,"b:99:4:101:Infinity:undefined:undefined:undefined:undefined":6,"s:99:4:101:Infinity":28,"s:100:6:100:Infinity":29,"f:100:52:100:59":14,"s:100:65:100:80":30,"s:105:0:105:Infinity":31},"fnNames":{}}}
,"C:\\Users\\lenovo\\OneDrive\\Desktop\\fifa\\src\\components\\FanAssistant.tsx": {"path":"C:\\Users\\lenovo\\OneDrive\\Desktop\\fifa\\src\\components\\FanAssistant.tsx","statementMap":{"0":{"start":{"line":9,"column":20},"end":{"line":13,"column":null}},"1":{"start":{"line":16,"column":24},"end":{"line":21,"column":null}},"2":{"start":{"line":19,"column":17},"end":{"line":19,"column":42}},"3":{"start":{"line":29,"column":22},"end":{"line":45,"column":null}},"4":{"start":{"line":30,"column":2},"end":{"line":45,"column":null}},"5":{"start":{"line":46,"column":0},"end":{"line":46,"column":null}},"6":{"start":{"line":49,"column":16},"end":{"line":49,"column":31}},"7":{"start":{"line":50,"column":34},"end":{"line":52,"column":null}},"8":{"start":{"line":53,"column":28},"end":{"line":53,"column":null}},"9":{"start":{"line":54,"column":34},"end":{"line":54,"column":null}},"10":{"start":{"line":55,"column":40},"end":{"line":55,"column":null}},"11":{"start":{"line":56,"column":36},"end":{"line":58,"column":null}},"12":{"start":{"line":59,"column":25},"end":{"line":59,"column":null}},"13":{"start":{"line":61,"column":20},"end":{"line":61,"column":null}},"14":{"start":{"line":63,"column":2},"end":{"line":68,"column":null}},"15":{"start":{"line":64,"column":4},"end":{"line":64,"column":null}},"16":{"start":{"line":65,"column":4},"end":{"line":67,"column":null}},"17":{"start":{"line":66,"column":6},"end":{"line":66,"column":null}},"18":{"start":{"line":71,"column":2},"end":{"line":94,"column":null}},"19":{"start":{"line":72,"column":18},"end":{"line":91,"column":null}},"20":{"start":{"line":73,"column":6},"end":{"line":90,"column":null}},"21":{"start":{"line":74,"column":21},"end":{"line":74,"column":null}},"22":{"start":{"line":76,"column":8},"end":{"line":88,"column":null}},"23":{"start":{"line":77,"column":21},"end":{"line":77,"column":null}},"24":{"start":{"line":79,"column":16},"end":{"line":84,"column":null}},"25":{"start":{"line":80,"column":12},"end":{"line":83,"column":null}},"26":{"start":{"line":81,"column":14},"end":{"line":81,"column":null}},"27":{"start":{"line":82,"column":14},"end":{"line":82,"column":null}},"28":{"start":{"line":86,"column":10},"end":{"line":86,"column":null}},"29":{"start":{"line":87,"column":10},"end":{"line":87,"column":null}},"30":{"start":{"line":89,"column":8},"end":{"line":89,"column":null}},"31":{"start":{"line":93,"column":4},"end":{"line":93,"column":null}},"32":{"start":{"line":93,"column":17},"end":{"line":93,"column":null}},"33":{"start":{"line":96,"column":25},"end":{"line":98,"column":null}},"34":{"start":{"line":97,"column":4},"end":{"line":97,"column":null}},"35":{"start":{"line":100,"column":2},"end":{"line":102,"column":null}},"36":{"start":{"line":101,"column":4},"end":{"line":101,"column":null}},"37":{"start":{"line":104,"column":21},"end":{"line":146,"column":null}},"38":{"start":{"line":105,"column":4},"end":{"line":105,"column":null}},"39":{"start":{"line":105,"column":22},"end":{"line":105,"column":null}},"40":{"start":{"line":107,"column":4},"end":{"line":145,"column":null}},"41":{"start":{"line":109,"column":28},"end":{"line":109,"column":null}},"42":{"start":{"line":112,"column":24},"end":{"line":112,"column":null}},"43":{"start":{"line":114,"column":6},"end":{"line":114,"column":null}},"44":{"start":{"line":114,"column":26},"end":{"line":114,"column":73}},"45":{"start":{"line":115,"column":6},"end":{"line":115,"column":null}},"46":{"start":{"line":116,"column":6},"end":{"line":116,"column":null}},"47":{"start":{"line":118,"column":6},"end":{"line":137,"column":null}},"48":{"start":{"line":119,"column":19},"end":{"line":119,"column":null}},"49":{"start":{"line":121,"column":14},"end":{"line":131,"column":null}},"50":{"start":{"line":122,"column":10},"end":{"line":130,"column":null}},"51":{"start":{"line":123,"column":12},"end":{"line":127,"column":null}},"52":{"start":{"line":124,"column":14},"end":{"line":124,"column":null}},"53":{"start":{"line":124,"column":34},"end":{"line":124,"column":88}},"54":{"start":{"line":125,"column":19},"end":{"line":127,"column":null}},"55":{"start":{"line":126,"column":14},"end":{"line":126,"column":null}},"56":{"start":{"line":126,"column":34},"end":{"line":126,"column":118}},"57":{"start":{"line":128,"column":12},"end":{"line":128,"column":null}},"58":{"start":{"line":129,"column":12},"end":{"line":129,"column":null}},"59":{"start":{"line":133,"column":8},"end":{"line":133,"column":null}},"60":{"start":{"line":134,"column":8},"end":{"line":134,"column":null}},"61":{"start":{"line":136,"column":8},"end":{"line":136,"column":null}},"62":{"start":{"line":139,"column":6},"end":{"line":143,"column":null}},"63":{"start":{"line":140,"column":8},"end":{"line":140,"column":null}},"64":{"start":{"line":140,"column":28},"end":{"line":140,"column":106}},"65":{"start":{"line":142,"column":8},"end":{"line":142,"column":null}},"66":{"start":{"line":142,"column":28},"end":{"line":142,"column":115}},"67":{"start":{"line":144,"column":6},"end":{"line":144,"column":null}},"68":{"start":{"line":148,"column":2},"end":{"line":290,"column":null}},"69":{"start":{"line":224,"column":14},"end":{"line":224,"column":null}},"70":{"start":{"line":249,"column":18},"end":{"line":255,"column":null}},"71":{"start":{"line":251,"column":35},"end":{"line":251,"column":null}},"72":{"start":{"line":262,"column":33},"end":{"line":262,"column":53}},"73":{"start":{"line":262,"column":53},"end":{"line":262,"column":72}},"74":{"start":{"line":270,"column":33},"end":{"line":270,"column":null}}},"fnMap":{"0":{"name":"(anonymous_0)","decl":{"start":{"line":19,"column":3},"end":{"line":19,"column":10}},"loc":{"start":{"line":19,"column":17},"end":{"line":19,"column":42}},"line":19},"1":{"name":"(anonymous_1)","decl":{"start":{"line":29,"column":28},"end":{"line":29,"column":34}},"loc":{"start":{"line":30,"column":2},"end":{"line":45,"column":null}},"line":30},"2":{"name":"FanAssistant","decl":{"start":{"line":48,"column":24},"end":{"line":48,"column":39}},"loc":{"start":{"line":48,"column":39},"end":{"line":292,"column":null}},"line":48},"3":{"name":"(anonymous_3)","decl":{"start":{"line":63,"column":2},"end":{"line":63,"column":18}},"loc":{"start":{"line":63,"column":18},"end":{"line":68,"column":5}},"line":63},"4":{"name":"(anonymous_4)","decl":{"start":{"line":65,"column":4},"end":{"line":65,"column":17}},"loc":{"start":{"line":65,"column":17},"end":{"line":67,"column":null}},"line":65},"5":{"name":"(anonymous_5)","decl":{"start":{"line":71,"column":2},"end":{"line":71,"column":18}},"loc":{"start":{"line":71,"column":18},"end":{"line":94,"column":5}},"line":71},"6":{"name":"(anonymous_6)","decl":{"start":{"line":72,"column":18},"end":{"line":72,"column":36}},"loc":{"start":{"line":72,"column":36},"end":{"line":91,"column":7}},"line":72},"7":{"name":"(anonymous_7)","decl":{"start":{"line":73,"column":6},"end":{"line":73,"column":21}},"loc":{"start":{"line":73,"column":26},"end":{"line":90,"column":7}},"line":73},"8":{"name":"(anonymous_8)","decl":{"start":{"line":79,"column":16},"end":{"line":79,"column":39}},"loc":{"start":{"line":79,"column":59},"end":{"line":84,"column":null}},"line":79},"9":{"name":"(anonymous_9)","decl":{"start":{"line":93,"column":4},"end":{"line":93,"column":17}},"loc":{"start":{"line":93,"column":17},"end":{"line":93,"column":null}},"line":93},"10":{"name":"(anonymous_10)","decl":{"start":{"line":96,"column":25},"end":{"line":96,"column":43}},"loc":{"start":{"line":96,"column":43},"end":{"line":98,"column":5}},"line":96},"11":{"name":"(anonymous_11)","decl":{"start":{"line":100,"column":2},"end":{"line":100,"column":18}},"loc":{"start":{"line":100,"column":18},"end":{"line":102,"column":5}},"line":100},"12":{"name":"(anonymous_12)","decl":{"start":{"line":104,"column":21},"end":{"line":104,"column":34}},"loc":{"start":{"line":104,"column":51},"end":{"line":146,"column":5}},"line":104},"13":{"name":"(anonymous_13)","decl":{"start":{"line":114,"column":6},"end":{"line":114,"column":18}},"loc":{"start":{"line":114,"column":26},"end":{"line":114,"column":73}},"line":114},"14":{"name":"(anonymous_14)","decl":{"start":{"line":121,"column":14},"end":{"line":121,"column":37}},"loc":{"start":{"line":121,"column":57},"end":{"line":131,"column":null}},"line":121},"15":{"name":"(anonymous_15)","decl":{"start":{"line":124,"column":14},"end":{"line":124,"column":26}},"loc":{"start":{"line":124,"column":34},"end":{"line":124,"column":88}},"line":124},"16":{"name":"(anonymous_16)","decl":{"start":{"line":126,"column":14},"end":{"line":126,"column":26}},"loc":{"start":{"line":126,"column":34},"end":{"line":126,"column":118}},"line":126},"17":{"name":"(anonymous_17)","decl":{"start":{"line":140,"column":8},"end":{"line":140,"column":20}},"loc":{"start":{"line":140,"column":28},"end":{"line":140,"column":106}},"line":140},"18":{"name":"(anonymous_18)","decl":{"start":{"line":142,"column":8},"end":{"line":142,"column":20}},"loc":{"start":{"line":142,"column":28},"end":{"line":142,"column":115}},"line":142},"19":{"name":"(anonymous_19)","decl":{"start":{"line":223,"column":22},"end":{"line":223,"column":27}},"loc":{"start":{"line":224,"column":14},"end":{"line":224,"column":null}},"line":224},"20":{"name":"(anonymous_20)","decl":{"start":{"line":248,"column":29},"end":{"line":248,"column":34}},"loc":{"start":{"line":249,"column":18},"end":{"line":255,"column":null}},"line":249},"21":{"name":"(anonymous_21)","decl":{"start":{"line":251,"column":20},"end":{"line":251,"column":35}},"loc":{"start":{"line":251,"column":35},"end":{"line":251,"column":null}},"line":251},"22":{"name":"(anonymous_22)","decl":{"start":{"line":262,"column":14},"end":{"line":262,"column":25}},"loc":{"start":{"line":262,"column":31},"end":{"line":262,"column":null}},"line":262},"23":{"name":"(anonymous_23)","decl":{"start":{"line":270,"column":16},"end":{"line":270,"column":27}},"loc":{"start":{"line":270,"column":33},"end":{"line":270,"column":null}},"line":270}},"branchMap":{"0":{"loc":{"start":{"line":30,"column":44},"end":{"line":30,"column":null}},"type":"cond-expr","locations":[{"start":{"line":30,"column":66},"end":{"line":30,"column":87}},{"start":{"line":30,"column":87},"end":{"line":30,"column":null}}],"line":30},"1":{"loc":{"start":{"line":31,"column":96},"end":{"line":33,"column":null}},"type":"cond-expr","locations":[{"start":{"line":32,"column":8},"end":{"line":32,"column":null}},{"start":{"line":33,"column":8},"end":{"line":33,"column":null}}],"line":31},"2":{"loc":{"start":{"line":35,"column":7},"end":{"line":35,"column":null}},"type":"cond-expr","locations":[{"start":{"line":35,"column":29},"end":{"line":35,"column":88}},{"start":{"line":35,"column":87},"end":{"line":35,"column":null}}],"line":35},"3":{"loc":{"start":{"line":38,"column":82},"end":{"line":40,"column":null}},"type":"cond-expr","locations":[{"start":{"line":39,"column":8},"end":{"line":39,"column":null}},{"start":{"line":40,"column":8},"end":{"line":40,"column":null}}],"line":38},"4":{"loc":{"start":{"line":76,"column":8},"end":{"line":88,"column":null}},"type":"if","locations":[{"start":{"line":76,"column":8},"end":{"line":88,"column":null}},{"start":{},"end":{}}],"line":76},"5":{"loc":{"start":{"line":76,"column":12},"end":{"line":76,"column":64}},"type":"binary-expr","locations":[{"start":{"line":76,"column":12},"end":{"line":76,"column":31}},{"start":{"line":76,"column":31},"end":{"line":76,"column":45}},{"start":{"line":76,"column":45},"end":{"line":76,"column":64}}],"line":76},"6":{"loc":{"start":{"line":80,"column":12},"end":{"line":83,"column":null}},"type":"if","locations":[{"start":{"line":80,"column":12},"end":{"line":83,"column":null}},{"start":{},"end":{}}],"line":80},"7":{"loc":{"start":{"line":80,"column":16},"end":{"line":80,"column":94}},"type":"binary-expr","locations":[{"start":{"line":80,"column":16},"end":{"line":80,"column":36}},{"start":{"line":80,"column":36},"end":{"line":80,"column":81}},{"start":{"line":80,"column":81},"end":{"line":80,"column":94}}],"line":80},"8":{"loc":{"start":{"line":89,"column":15},"end":{"line":89,"column":null}},"type":"cond-expr","locations":[{"start":{"line":89,"column":28},"end":{"line":89,"column":35}},{"start":{"line":89,"column":35},"end":{"line":89,"column":null}}],"line":89},"9":{"loc":{"start":{"line":105,"column":4},"end":{"line":105,"column":null}},"type":"if","locations":[{"start":{"line":105,"column":4},"end":{"line":105,"column":null}},{"start":{},"end":{}}],"line":105},"10":{"loc":{"start":{"line":118,"column":6},"end":{"line":137,"column":null}},"type":"if","locations":[{"start":{"line":118,"column":6},"end":{"line":137,"column":null}},{"start":{"line":135,"column":13},"end":{"line":137,"column":null}}],"line":118},"11":{"loc":{"start":{"line":122,"column":10},"end":{"line":130,"column":null}},"type":"if","locations":[{"start":{"line":122,"column":10},"end":{"line":130,"column":null}},{"start":{},"end":{}}],"line":122},"12":{"loc":{"start":{"line":123,"column":12},"end":{"line":127,"column":null}},"type":"if","locations":[{"start":{"line":123,"column":12},"end":{"line":127,"column":null}},{"start":{"line":125,"column":19},"end":{"line":127,"column":null}}],"line":123},"13":{"loc":{"start":{"line":125,"column":19},"end":{"line":127,"column":null}},"type":"if","locations":[{"start":{"line":125,"column":19},"end":{"line":127,"column":null}},{"start":{},"end":{}}],"line":125},"14":{"loc":{"start":{"line":139,"column":6},"end":{"line":143,"column":null}},"type":"if","locations":[{"start":{"line":139,"column":6},"end":{"line":143,"column":null}},{"start":{"line":141,"column":13},"end":{"line":143,"column":null}}],"line":139},"15":{"loc":{"start":{"line":210,"column":17},"end":{"line":210,"column":null}},"type":"cond-expr","locations":[{"start":{"line":210,"column":37},"end":{"line":210,"column":57}},{"start":{"line":210,"column":57},"end":{"line":210,"column":null}}],"line":210},"16":{"loc":{"start":{"line":228,"column":13},"end":{"line":238,"column":null}},"type":"binary-expr","locations":[{"start":{"line":228,"column":13},"end":{"line":228,"column":null}},{"start":{"line":229,"column":14},"end":{"line":238,"column":null}}],"line":228},"17":{"loc":{"start":{"line":246,"column":13},"end":{"line":261,"column":13}},"type":"binary-expr","locations":[{"start":{"line":246,"column":13},"end":{"line":246,"column":null}},{"start":{"line":247,"column":14},"end":{"line":261,"column":13}}],"line":246},"18":{"loc":{"start":{"line":276,"column":26},"end":{"line":276,"column":null}},"type":"binary-expr","locations":[{"start":{"line":276,"column":26},"end":{"line":276,"column":43}},{"start":{"line":276,"column":43},"end":{"line":276,"column":null}}],"line":276},"19":{"loc":{"start":{"line":278,"column":151},"end":{"line":280,"column":null}},"type":"cond-expr","locations":[{"start":{"line":279,"column":20},"end":{"line":279,"column":null}},{"start":{"line":280,"column":20},"end":{"line":280,"column":null}}],"line":278},"20":{"loc":{"start":{"line":278,"column":151},"end":{"line":278,"column":null}},"type":"binary-expr","locations":[{"start":{"line":278,"column":151},"end":{"line":278,"column":167}},{"start":{"line":278,"column":167},"end":{"line":278,"column":null}}],"line":278},"21":{"loc":{"start":{"line":283,"column":61},"end":{"line":283,"column":104}},"type":"cond-expr","locations":[{"start":{"line":283,"column":89},"end":{"line":283,"column":100}},{"start":{"line":283,"column":100},"end":{"line":283,"column":104}}],"line":283},"22":{"loc":{"start":{"line":283,"column":61},"end":{"line":283,"column":89}},"type":"binary-expr","locations":[{"start":{"line":283,"column":61},"end":{"line":283,"column":77}},{"start":{"line":283,"column":77},"end":{"line":283,"column":89}}],"line":283}},"s":{"0":1,"1":1,"2":3,"3":1,"4":9,"5":1,"6":12,"7":12,"8":12,"9":12,"10":12,"11":12,"12":12,"13":12,"14":12,"15":5,"16":5,"17":5,"18":12,"19":5,"20":0,"21":0,"22":0,"23":0,"24":0,"25":0,"26":0,"27":0,"28":0,"29":0,"30":0,"31":5,"32":5,"33":12,"34":9,"35":12,"36":9,"37":12,"38":3,"39":0,"40":3,"41":3,"42":3,"43":3,"44":2,"45":3,"46":3,"47":3,"48":2,"49":2,"50":2,"51":2,"52":2,"53":1,"54":0,"55":0,"56":0,"57":2,"58":2,"59":2,"60":2,"61":0,"62":1,"63":1,"64":1,"65":0,"66":0,"67":1,"68":12,"69":17,"70":24,"71":0,"72":3,"73":3,"74":3},"f":{"0":3,"1":9,"2":12,"3":5,"4":5,"5":5,"6":0,"7":0,"8":0,"9":5,"10":9,"11":9,"12":3,"13":2,"14":2,"15":1,"16":0,"17":1,"18":0,"19":17,"20":24,"21":0,"22":3,"23":3},"b":{"0":[2,7],"1":[2,7],"2":[2,7],"3":[2,7],"4":[0,0],"5":[0,0,0],"6":[0,0],"7":[0,0,0],"8":[0,0],"9":[0,3],"10":[2,0],"11":[2,0],"12":[2,0],"13":[0,0],"14":[1,0],"15":[12,0],"16":[12,2],"17":[12,8],"18":[12,4],"19":[4,8],"20":[12,4],"21":[4,8],"22":[12,4]},"meta":{"lastBranch":23,"lastFunction":24,"lastStatement":75,"seen":{"s:9:20:13:Infinity":0,"s:16:24:21:Infinity":1,"f:19:3:19:10":0,"s:19:17:19:42":2,"s:29:22:45:Infinity":3,"f:29:28:29:34":1,"s:30:2:45:Infinity":4,"b:30:66:30:87:30:87:30:Infinity":0,"b:32:8:32:Infinity:33:8:33:Infinity":1,"b:35:29:35:88:35:87:35:Infinity":2,"b:39:8:39:Infinity:40:8:40:Infinity":3,"s:46:0:46:Infinity":5,"f:48:24:48:39":2,"s:49:16:49:31":6,"s:50:34:52:Infinity":7,"s:53:28:53:Infinity":8,"s:54:34:54:Infinity":9,"s:55:40:55:Infinity":10,"s:56:36:58:Infinity":11,"s:59:25:59:Infinity":12,"s:61:20:61:Infinity":13,"s:63:2:68:Infinity":14,"f:63:2:63:18":3,"s:64:4:64:Infinity":15,"s:65:4:67:Infinity":16,"f:65:4:65:17":4,"s:66:6:66:Infinity":17,"s:71:2:94:Infinity":18,"f:71:2:71:18":5,"s:72:18:91:Infinity":19,"f:72:18:72:36":6,"s:73:6:90:Infinity":20,"f:73:6:73:21":7,"s:74:21:74:Infinity":21,"b:76:8:88:Infinity:undefined:undefined:undefined:undefined":4,"s:76:8:88:Infinity":22,"b:76:12:76:31:76:31:76:45:76:45:76:64":5,"s:77:21:77:Infinity":23,"s:79:16:84:Infinity":24,"f:79:16:79:39":8,"b:80:12:83:Infinity:undefined:undefined:undefined:undefined":6,"s:80:12:83:Infinity":25,"b:80:16:80:36:80:36:80:81:80:81:80:94":7,"s:81:14:81:Infinity":26,"s:82:14:82:Infinity":27,"s:86:10:86:Infinity":28,"s:87:10:87:Infinity":29,"s:89:8:89:Infinity":30,"b:89:28:89:35:89:35:89:Infinity":8,"s:93:4:93:Infinity":31,"f:93:4:93:17":9,"s:93:17:93:Infinity":32,"s:96:25:98:Infinity":33,"f:96:25:96:43":10,"s:97:4:97:Infinity":34,"s:100:2:102:Infinity":35,"f:100:2:100:18":11,"s:101:4:101:Infinity":36,"s:104:21:146:Infinity":37,"f:104:21:104:34":12,"b:105:4:105:Infinity:undefined:undefined:undefined:undefined":9,"s:105:4:105:Infinity":38,"s:105:22:105:Infinity":39,"s:107:4:145:Infinity":40,"s:109:28:109:Infinity":41,"s:112:24:112:Infinity":42,"s:114:6:114:Infinity":43,"f:114:6:114:18":13,"s:114:26:114:73":44,"s:115:6:115:Infinity":45,"s:116:6:116:Infinity":46,"b:118:6:137:Infinity:135:13:137:Infinity":10,"s:118:6:137:Infinity":47,"s:119:19:119:Infinity":48,"s:121:14:131:Infinity":49,"f:121:14:121:37":14,"b:122:10:130:Infinity:undefined:undefined:undefined:undefined":11,"s:122:10:130:Infinity":50,"b:123:12:127:Infinity:125:19:127:Infinity":12,"s:123:12:127:Infinity":51,"s:124:14:124:Infinity":52,"f:124:14:124:26":15,"s:124:34:124:88":53,"b:125:19:127:Infinity:undefined:undefined:undefined:undefined":13,"s:125:19:127:Infinity":54,"s:126:14:126:Infinity":55,"f:126:14:126:26":16,"s:126:34:126:118":56,"s:128:12:128:Infinity":57,"s:129:12:129:Infinity":58,"s:133:8:133:Infinity":59,"s:134:8:134:Infinity":60,"s:136:8:136:Infinity":61,"b:139:6:143:Infinity:141:13:143:Infinity":14,"s:139:6:143:Infinity":62,"s:140:8:140:Infinity":63,"f:140:8:140:20":17,"s:140:28:140:106":64,"s:142:8:142:Infinity":65,"f:142:8:142:20":18,"s:142:28:142:115":66,"s:144:6:144:Infinity":67,"s:148:2:290:Infinity":68,"b:210:37:210:57:210:57:210:Infinity":15,"f:223:22:223:27":19,"s:224:14:224:Infinity":69,"b:228:13:228:Infinity:229:14:238:Infinity":16,"b:246:13:246:Infinity:247:14:261:13":17,"f:248:29:248:34":20,"s:249:18:255:Infinity":70,"f:251:20:251:35":21,"s:251:35:251:Infinity":71,"f:262:14:262:25":22,"s:262:33:262:53":72,"s:262:53:262:72":73,"f:270:16:270:27":23,"s:270:33:270:Infinity":74,"b:276:26:276:43:276:43:276:Infinity":18,"b:279:20:279:Infinity:280:20:280:Infinity":19,"b:278:151:278:167:278:167:278:Infinity":20,"b:283:89:283:100:283:100:283:104":21,"b:283:61:283:77:283:77:283:89":22},"fnNames":{}}}
,"C:\\Users\\lenovo\\OneDrive\\Desktop\\fifa\\src\\components\\StaffDashboard.tsx": {"path":"C:\\Users\\lenovo\\OneDrive\\Desktop\\fifa\\src\\components\\StaffDashboard.tsx","statementMap":{"0":{"start":{"line":11,"column":32},"end":{"line":11,"column":null}},"1":{"start":{"line":12,"column":34},"end":{"line":12,"column":null}},"2":{"start":{"line":13,"column":46},"end":{"line":13,"column":null}},"3":{"start":{"line":14,"column":40},"end":{"line":14,"column":null}},"4":{"start":{"line":15,"column":40},"end":{"line":15,"column":null}},"5":{"start":{"line":16,"column":30},"end":{"line":16,"column":null}},"6":{"start":{"line":18,"column":8},"end":{"line":53,"column":null}},"7":{"start":{"line":19,"column":4},"end":{"line":30,"column":null}},"8":{"start":{"line":20,"column":6},"end":{"line":29,"column":null}},"9":{"start":{"line":31,"column":4},"end":{"line":42,"column":null}},"10":{"start":{"line":32,"column":6},"end":{"line":41,"column":null}},"11":{"start":{"line":43,"column":4},"end":{"line":52,"column":null}},"12":{"start":{"line":55,"column":40},"end":{"line":55,"column":null}},"13":{"start":{"line":57,"column":28},"end":{"line":62,"column":null}},"14":{"start":{"line":58,"column":4},"end":{"line":61,"column":null}},"15":{"start":{"line":59,"column":6},"end":{"line":59,"column":null}},"16":{"start":{"line":60,"column":6},"end":{"line":60,"column":null}},"17":{"start":{"line":64,"column":2},"end":{"line":140,"column":null}},"18":{"start":{"line":66,"column":28},"end":{"line":66,"column":null}},"19":{"start":{"line":67,"column":4},"end":{"line":67,"column":null}},"20":{"start":{"line":69,"column":27},"end":{"line":69,"column":null}},"21":{"start":{"line":70,"column":4},"end":{"line":70,"column":null}},"22":{"start":{"line":73,"column":15},"end":{"line":73,"column":null}},"23":{"start":{"line":75,"column":10},"end":{"line":132,"column":null}},"24":{"start":{"line":76,"column":27},"end":{"line":76,"column":null}},"25":{"start":{"line":77,"column":19},"end":{"line":77,"column":null}},"26":{"start":{"line":79,"column":6},"end":{"line":131,"column":null}},"27":{"start":{"line":80,"column":8},"end":{"line":130,"column":null}},"28":{"start":{"line":81,"column":39},"end":{"line":81,"column":null}},"29":{"start":{"line":82,"column":31},"end":{"line":82,"column":null}},"30":{"start":{"line":83,"column":26},"end":{"line":83,"column":null}},"31":{"start":{"line":85,"column":10},"end":{"line":116,"column":null}},"32":{"start":{"line":86,"column":27},"end":{"line":86,"column":null}},"33":{"start":{"line":87,"column":31},"end":{"line":87,"column":null}},"34":{"start":{"line":89,"column":25},"end":{"line":89,"column":null}},"35":{"start":{"line":90,"column":30},"end":{"line":90,"column":null}},"36":{"start":{"line":91,"column":26},"end":{"line":91,"column":null}},"37":{"start":{"line":93,"column":12},"end":{"line":105,"column":null}},"38":{"start":{"line":94,"column":14},"end":{"line":94,"column":null}},"39":{"start":{"line":95,"column":14},"end":{"line":95,"column":null}},"40":{"start":{"line":97,"column":14},"end":{"line":99,"column":null}},"41":{"start":{"line":98,"column":16},"end":{"line":98,"column":null}},"42":{"start":{"line":98,"column":36},"end":{"line":98,"column":62}},"43":{"start":{"line":98,"column":51},"end":{"line":98,"column":61}},"44":{"start":{"line":101,"column":29},"end":{"line":101,"column":null}},"45":{"start":{"line":102,"column":14},"end":{"line":102,"column":null}},"46":{"start":{"line":103,"column":31},"end":{"line":103,"column":null}},"47":{"start":{"line":104,"column":14},"end":{"line":104,"column":null}},"48":{"start":{"line":107,"column":28},"end":{"line":107,"column":null}},"49":{"start":{"line":108,"column":27},"end":{"line":108,"column":null}},"50":{"start":{"line":109,"column":12},"end":{"line":110,"column":null}},"51":{"start":{"line":109,"column":32},"end":{"line":109,"column":53}},"52":{"start":{"line":109,"column":53},"end":{"line":109,"column":75}},"53":{"start":{"line":110,"column":17},"end":{"line":110,"column":null}},"54":{"start":{"line":110,"column":37},"end":{"line":110,"column":57}},"55":{"start":{"line":110,"column":57},"end":{"line":110,"column":79}},"56":{"start":{"line":112,"column":12},"end":{"line":112,"column":null}},"57":{"start":{"line":114,"column":12},"end":{"line":114,"column":null}},"58":{"start":{"line":115,"column":12},"end":{"line":115,"column":null}},"59":{"start":{"line":118,"column":10},"end":{"line":118,"column":null}},"60":{"start":{"line":118,"column":39},"end":{"line":118,"column":75}},"61":{"start":{"line":120,"column":10},"end":{"line":127,"column":null}},"62":{"start":{"line":121,"column":12},"end":{"line":121,"column":null}},"63":{"start":{"line":121,"column":30},"end":{"line":121,"column":null}},"64":{"start":{"line":122,"column":12},"end":{"line":126,"column":null}},"65":{"start":{"line":129,"column":10},"end":{"line":129,"column":null}},"66":{"start":{"line":134,"column":4},"end":{"line":134,"column":null}},"67":{"start":{"line":136,"column":4},"end":{"line":139,"column":null}},"68":{"start":{"line":137,"column":6},"end":{"line":137,"column":null}},"69":{"start":{"line":138,"column":6},"end":{"line":138,"column":null}},"70":{"start":{"line":142,"column":8},"end":{"line":150,"column":null}},"71":{"start":{"line":143,"column":4},"end":{"line":143,"column":null}},"72":{"start":{"line":144,"column":4},"end":{"line":144,"column":null}},"73":{"start":{"line":145,"column":4},"end":{"line":145,"column":null}},"74":{"start":{"line":148,"column":4},"end":{"line":148,"column":null}},"75":{"start":{"line":149,"column":4},"end":{"line":149,"column":null}},"76":{"start":{"line":152,"column":2},"end":{"line":152,"column":null}},"77":{"start":{"line":152,"column":16},"end":{"line":152,"column":null}},"78":{"start":{"line":154,"column":2},"end":{"line":218,"column":null}},"79":{"start":{"line":174,"column":31},"end":{"line":174,"column":null}},"80":{"start":{"line":180,"column":31},"end":{"line":180,"column":null}},"81":{"start":{"line":186,"column":31},"end":{"line":186,"column":null}},"82":{"start":{"line":215,"column":25},"end":{"line":215,"column":null}}},"fnMap":{"0":{"name":"StaffDashboard","decl":{"start":{"line":10,"column":24},"end":{"line":10,"column":41}},"loc":{"start":{"line":10,"column":41},"end":{"line":220,"column":null}},"line":10},"1":{"name":"(anonymous_1)","decl":{"start":{"line":18,"column":8},"end":{"line":18,"column":35}},"loc":{"start":{"line":18,"column":64},"end":{"line":53,"column":null}},"line":18},"2":{"name":"(anonymous_2)","decl":{"start":{"line":57,"column":28},"end":{"line":57,"column":41}},"loc":{"start":{"line":57,"column":63},"end":{"line":62,"column":5}},"line":57},"3":{"name":"(anonymous_3)","decl":{"start":{"line":58,"column":4},"end":{"line":58,"column":20}},"loc":{"start":{"line":58,"column":33},"end":{"line":61,"column":5}},"line":58},"4":{"name":"(anonymous_4)","decl":{"start":{"line":64,"column":2},"end":{"line":64,"column":18}},"loc":{"start":{"line":64,"column":18},"end":{"line":140,"column":5}},"line":64},"5":{"name":"(anonymous_5)","decl":{"start":{"line":75,"column":10},"end":{"line":75,"column":27}},"loc":{"start":{"line":75,"column":40},"end":{"line":132,"column":null}},"line":75},"6":{"name":"(anonymous_6)","decl":{"start":{"line":80,"column":8},"end":{"line":80,"column":23}},"loc":{"start":{"line":80,"column":31},"end":{"line":130,"column":9}},"line":80},"7":{"name":"(anonymous_7)","decl":{"start":{"line":85,"column":31},"end":{"line":85,"column":39}},"loc":{"start":{"line":85,"column":46},"end":{"line":116,"column":11}},"line":85},"8":{"name":"(anonymous_8)","decl":{"start":{"line":98,"column":16},"end":{"line":98,"column":31}},"loc":{"start":{"line":98,"column":36},"end":{"line":98,"column":62}},"line":98},"9":{"name":"(anonymous_9)","decl":{"start":{"line":98,"column":38},"end":{"line":98,"column":45}},"loc":{"start":{"line":98,"column":51},"end":{"line":98,"column":61}},"line":98},"10":{"name":"(anonymous_10)","decl":{"start":{"line":118,"column":10},"end":{"line":118,"column":28}},"loc":{"start":{"line":118,"column":39},"end":{"line":118,"column":75}},"line":118},"11":{"name":"(anonymous_11)","decl":{"start":{"line":120,"column":10},"end":{"line":120,"column":21}},"loc":{"start":{"line":120,"column":36},"end":{"line":127,"column":11}},"line":120},"12":{"name":"(anonymous_12)","decl":{"start":{"line":136,"column":4},"end":{"line":136,"column":17}},"loc":{"start":{"line":136,"column":17},"end":{"line":139,"column":null}},"line":136},"13":{"name":"(anonymous_13)","decl":{"start":{"line":142,"column":8},"end":{"line":142,"column":30}},"loc":{"start":{"line":142,"column":67},"end":{"line":150,"column":null}},"line":142},"14":{"name":"(anonymous_14)","decl":{"start":{"line":174,"column":16},"end":{"line":174,"column":31}},"loc":{"start":{"line":174,"column":31},"end":{"line":174,"column":null}},"line":174},"15":{"name":"(anonymous_15)","decl":{"start":{"line":180,"column":16},"end":{"line":180,"column":31}},"loc":{"start":{"line":180,"column":31},"end":{"line":180,"column":null}},"line":180},"16":{"name":"(anonymous_16)","decl":{"start":{"line":186,"column":16},"end":{"line":186,"column":31}},"loc":{"start":{"line":186,"column":31},"end":{"line":186,"column":null}},"line":186},"17":{"name":"(anonymous_17)","decl":{"start":{"line":215,"column":10},"end":{"line":215,"column":25}},"loc":{"start":{"line":215,"column":25},"end":{"line":215,"column":null}},"line":215}},"branchMap":{"0":{"loc":{"start":{"line":19,"column":4},"end":{"line":30,"column":null}},"type":"if","locations":[{"start":{"line":19,"column":4},"end":{"line":30,"column":null}},{"start":{},"end":{}}],"line":19},"1":{"loc":{"start":{"line":31,"column":4},"end":{"line":42,"column":null}},"type":"if","locations":[{"start":{"line":31,"column":4},"end":{"line":42,"column":null}},{"start":{},"end":{}}],"line":31},"2":{"loc":{"start":{"line":79,"column":6},"end":{"line":131,"column":null}},"type":"if","locations":[{"start":{"line":79,"column":6},"end":{"line":131,"column":null}},{"start":{},"end":{}}],"line":79},"3":{"loc":{"start":{"line":93,"column":12},"end":{"line":105,"column":null}},"type":"if","locations":[{"start":{"line":93,"column":12},"end":{"line":105,"column":null}},{"start":{"line":100,"column":19},"end":{"line":105,"column":null}}],"line":93},"4":{"loc":{"start":{"line":97,"column":14},"end":{"line":99,"column":null}},"type":"if","locations":[{"start":{"line":97,"column":14},"end":{"line":99,"column":null}},{"start":{},"end":{}}],"line":97},"5":{"loc":{"start":{"line":97,"column":18},"end":{"line":97,"column":46}},"type":"binary-expr","locations":[{"start":{"line":97,"column":18},"end":{"line":97,"column":33}},{"start":{"line":97,"column":33},"end":{"line":97,"column":46}}],"line":97},"6":{"loc":{"start":{"line":104,"column":51},"end":{"line":104,"column":99}},"type":"cond-expr","locations":[{"start":{"line":104,"column":65},"end":{"line":104,"column":88}},{"start":{"line":104,"column":88},"end":{"line":104,"column":99}}],"line":104},"7":{"loc":{"start":{"line":109,"column":12},"end":{"line":110,"column":null}},"type":"if","locations":[{"start":{"line":109,"column":12},"end":{"line":110,"column":null}},{"start":{"line":110,"column":17},"end":{"line":110,"column":null}}],"line":109},"8":{"loc":{"start":{"line":110,"column":17},"end":{"line":110,"column":null}},"type":"if","locations":[{"start":{"line":110,"column":17},"end":{"line":110,"column":null}},{"start":{},"end":{}}],"line":110},"9":{"loc":{"start":{"line":118,"column":39},"end":{"line":118,"column":75}},"type":"cond-expr","locations":[{"start":{"line":118,"column":49},"end":{"line":118,"column":71}},{"start":{"line":118,"column":71},"end":{"line":118,"column":75}}],"line":118},"10":{"loc":{"start":{"line":121,"column":12},"end":{"line":121,"column":null}},"type":"if","locations":[{"start":{"line":121,"column":12},"end":{"line":121,"column":null}},{"start":{},"end":{}}],"line":121},"11":{"loc":{"start":{"line":152,"column":2},"end":{"line":152,"column":null}},"type":"if","locations":[{"start":{"line":152,"column":2},"end":{"line":152,"column":null}},{"start":{},"end":{}}],"line":152},"12":{"loc":{"start":{"line":175,"column":89},"end":{"line":175,"column":null}},"type":"cond-expr","locations":[{"start":{"line":175,"column":108},"end":{"line":175,"column":136}},{"start":{"line":175,"column":136},"end":{"line":175,"column":null}}],"line":175},"13":{"loc":{"start":{"line":181,"column":89},"end":{"line":181,"column":null}},"type":"cond-expr","locations":[{"start":{"line":181,"column":108},"end":{"line":181,"column":137}},{"start":{"line":181,"column":137},"end":{"line":181,"column":null}}],"line":181},"14":{"loc":{"start":{"line":187,"column":89},"end":{"line":187,"column":null}},"type":"cond-expr","locations":[{"start":{"line":187,"column":108},"end":{"line":187,"column":137}},{"start":{"line":187,"column":137},"end":{"line":187,"column":null}}],"line":187},"15":{"loc":{"start":{"line":212,"column":7},"end":{"line":216,"column":null}},"type":"binary-expr","locations":[{"start":{"line":212,"column":7},"end":{"line":212,"column":22}},{"start":{"line":212,"column":22},"end":{"line":212,"column":null}},{"start":{"line":213,"column":8},"end":{"line":216,"column":null}}],"line":212}},"s":{"0":14,"1":14,"2":14,"3":14,"4":14,"5":14,"6":14,"7":14,"8":0,"9":14,"10":0,"11":14,"12":14,"13":14,"14":2,"15":2,"16":2,"17":14,"18":4,"19":4,"20":4,"21":4,"22":4,"23":4,"24":0,"25":0,"26":0,"27":0,"28":0,"29":0,"30":0,"31":0,"32":0,"33":0,"34":0,"35":0,"36":0,"37":0,"38":0,"39":0,"40":0,"41":0,"42":0,"43":0,"44":0,"45":0,"46":0,"47":0,"48":0,"49":0,"50":0,"51":0,"52":0,"53":0,"54":0,"55":0,"56":0,"57":0,"58":0,"59":0,"60":0,"61":0,"62":0,"63":0,"64":0,"65":0,"66":4,"67":4,"68":4,"69":4,"70":14,"71":0,"72":0,"73":0,"74":0,"75":0,"76":14,"77":4,"78":10,"79":0,"80":0,"81":0,"82":1},"f":{"0":14,"1":14,"2":2,"3":2,"4":4,"5":0,"6":0,"7":0,"8":0,"9":0,"10":0,"11":0,"12":4,"13":0,"14":0,"15":0,"16":0,"17":1},"b":{"0":[0,14],"1":[0,14],"2":[0,0],"3":[0,0],"4":[0,0],"5":[0,0],"6":[0,0],"7":[0,0],"8":[0,0],"9":[0,0],"10":[0,0],"11":[4,10],"12":[10,0],"13":[0,10],"14":[0,10],"15":[14,1,1]},"meta":{"lastBranch":16,"lastFunction":18,"lastStatement":83,"seen":{"f:10:24:10:41":0,"s:11:32:11:Infinity":0,"s:12:34:12:Infinity":1,"s:13:46:13:Infinity":2,"s:14:40:14:Infinity":3,"s:15:40:15:Infinity":4,"s:16:30:16:Infinity":5,"s:18:8:53:Infinity":6,"f:18:8:18:35":1,"b:19:4:30:Infinity:undefined:undefined:undefined:undefined":0,"s:19:4:30:Infinity":7,"s:20:6:29:Infinity":8,"b:31:4:42:Infinity:undefined:undefined:undefined:undefined":1,"s:31:4:42:Infinity":9,"s:32:6:41:Infinity":10,"s:43:4:52:Infinity":11,"s:55:40:55:Infinity":12,"s:57:28:62:Infinity":13,"f:57:28:57:41":2,"s:58:4:61:Infinity":14,"f:58:4:58:20":3,"s:59:6:59:Infinity":15,"s:60:6:60:Infinity":16,"s:64:2:140:Infinity":17,"f:64:2:64:18":4,"s:66:28:66:Infinity":18,"s:67:4:67:Infinity":19,"s:69:27:69:Infinity":20,"s:70:4:70:Infinity":21,"s:73:15:73:Infinity":22,"s:75:10:132:Infinity":23,"f:75:10:75:27":5,"s:76:27:76:Infinity":24,"s:77:19:77:Infinity":25,"b:79:6:131:Infinity:undefined:undefined:undefined:undefined":2,"s:79:6:131:Infinity":26,"s:80:8:130:Infinity":27,"f:80:8:80:23":6,"s:81:39:81:Infinity":28,"s:82:31:82:Infinity":29,"s:83:26:83:Infinity":30,"s:85:10:116:Infinity":31,"f:85:31:85:39":7,"s:86:27:86:Infinity":32,"s:87:31:87:Infinity":33,"s:89:25:89:Infinity":34,"s:90:30:90:Infinity":35,"s:91:26:91:Infinity":36,"b:93:12:105:Infinity:100:19:105:Infinity":3,"s:93:12:105:Infinity":37,"s:94:14:94:Infinity":38,"s:95:14:95:Infinity":39,"b:97:14:99:Infinity:undefined:undefined:undefined:undefined":4,"s:97:14:99:Infinity":40,"b:97:18:97:33:97:33:97:46":5,"s:98:16:98:Infinity":41,"f:98:16:98:31":8,"s:98:36:98:62":42,"f:98:38:98:45":9,"s:98:51:98:61":43,"s:101:29:101:Infinity":44,"s:102:14:102:Infinity":45,"s:103:31:103:Infinity":46,"s:104:14:104:Infinity":47,"b:104:65:104:88:104:88:104:99":6,"s:107:28:107:Infinity":48,"s:108:27:108:Infinity":49,"b:109:12:110:Infinity:110:17:110:Infinity":7,"s:109:12:110:Infinity":50,"s:109:32:109:53":51,"s:109:53:109:75":52,"b:110:17:110:Infinity:undefined:undefined:undefined:undefined":8,"s:110:17:110:Infinity":53,"s:110:37:110:57":54,"s:110:57:110:79":55,"s:112:12:112:Infinity":56,"s:114:12:114:Infinity":57,"s:115:12:115:Infinity":58,"s:118:10:118:Infinity":59,"f:118:10:118:28":10,"s:118:39:118:75":60,"b:118:49:118:71:118:71:118:75":9,"s:120:10:127:Infinity":61,"f:120:10:120:21":11,"b:121:12:121:Infinity:undefined:undefined:undefined:undefined":10,"s:121:12:121:Infinity":62,"s:121:30:121:Infinity":63,"s:122:12:126:Infinity":64,"s:129:10:129:Infinity":65,"s:134:4:134:Infinity":66,"s:136:4:139:Infinity":67,"f:136:4:136:17":12,"s:137:6:137:Infinity":68,"s:138:6:138:Infinity":69,"s:142:8:150:Infinity":70,"f:142:8:142:30":13,"s:143:4:143:Infinity":71,"s:144:4:144:Infinity":72,"s:145:4:145:Infinity":73,"s:148:4:148:Infinity":74,"s:149:4:149:Infinity":75,"b:152:2:152:Infinity:undefined:undefined:undefined:undefined":11,"s:152:2:152:Infinity":76,"s:152:16:152:Infinity":77,"s:154:2:218:Infinity":78,"f:174:16:174:31":14,"s:174:31:174:Infinity":79,"b:175:108:175:136:175:136:175:Infinity":12,"f:180:16:180:31":15,"s:180:31:180:Infinity":80,"b:181:108:181:137:181:137:181:Infinity":13,"f:186:16:186:31":16,"s:186:31:186:Infinity":81,"b:187:108:187:137:187:137:187:Infinity":14,"b:212:7:212:22:212:22:212:Infinity:213:8:216:Infinity":15,"f:215:10:215:25":17,"s:215:25:215:Infinity":82},"fnNames":{}}}
,"C:\\Users\\lenovo\\OneDrive\\Desktop\\fifa\\src\\components\\StaffLogin.tsx": {"path":"C:\\Users\\lenovo\\OneDrive\\Desktop\\fifa\\src\\components\\StaffLogin.tsx","statementMap":{"0":{"start":{"line":10,"column":34},"end":{"line":10,"column":null}},"1":{"start":{"line":11,"column":34},"end":{"line":11,"column":null}},"2":{"start":{"line":12,"column":28},"end":{"line":12,"column":null}},"3":{"start":{"line":13,"column":36},"end":{"line":13,"column":null}},"4":{"start":{"line":15,"column":23},"end":{"line":34,"column":null}},"5":{"start":{"line":16,"column":4},"end":{"line":16,"column":null}},"6":{"start":{"line":17,"column":4},"end":{"line":17,"column":null}},"7":{"start":{"line":18,"column":4},"end":{"line":18,"column":null}},"8":{"start":{"line":20,"column":4},"end":{"line":33,"column":null}},"9":{"start":{"line":21,"column":23},"end":{"line":21,"column":null}},"10":{"start":{"line":22,"column":6},"end":{"line":24,"column":null}},"11":{"start":{"line":23,"column":8},"end":{"line":23,"column":null}},"12":{"start":{"line":26,"column":6},"end":{"line":30,"column":null}},"13":{"start":{"line":27,"column":8},"end":{"line":27,"column":null}},"14":{"start":{"line":29,"column":8},"end":{"line":29,"column":null}},"15":{"start":{"line":32,"column":6},"end":{"line":32,"column":null}},"16":{"start":{"line":36,"column":2},"end":{"line":104,"column":null}},"17":{"start":{"line":61,"column":31},"end":{"line":61,"column":null}},"18":{"start":{"line":76,"column":31},"end":{"line":76,"column":null}}},"fnMap":{"0":{"name":"StaffLogin","decl":{"start":{"line":9,"column":24},"end":{"line":9,"column":35}},"loc":{"start":{"line":9,"column":65},"end":{"line":106,"column":null}},"line":9},"1":{"name":"(anonymous_1)","decl":{"start":{"line":15,"column":23},"end":{"line":15,"column":30}},"loc":{"start":{"line":15,"column":53},"end":{"line":34,"column":null}},"line":15},"2":{"name":"(anonymous_2)","decl":{"start":{"line":61,"column":14},"end":{"line":61,"column":25}},"loc":{"start":{"line":61,"column":31},"end":{"line":61,"column":null}},"line":61},"3":{"name":"(anonymous_3)","decl":{"start":{"line":76,"column":14},"end":{"line":76,"column":25}},"loc":{"start":{"line":76,"column":31},"end":{"line":76,"column":null}},"line":76}},"branchMap":{"0":{"loc":{"start":{"line":22,"column":6},"end":{"line":24,"column":null}},"type":"if","locations":[{"start":{"line":22,"column":6},"end":{"line":24,"column":null}},{"start":{},"end":{}}],"line":22},"1":{"loc":{"start":{"line":22,"column":10},"end":{"line":22,"column":38}},"type":"binary-expr","locations":[{"start":{"line":22,"column":10},"end":{"line":22,"column":22}},{"start":{"line":22,"column":22},"end":{"line":22,"column":38}}],"line":22},"2":{"loc":{"start":{"line":26,"column":6},"end":{"line":30,"column":null}},"type":"if","locations":[{"start":{"line":26,"column":6},"end":{"line":30,"column":null}},{"start":{"line":28,"column":13},"end":{"line":30,"column":null}}],"line":26},"3":{"loc":{"start":{"line":27,"column":17},"end":{"line":27,"column":54}},"type":"binary-expr","locations":[{"start":{"line":27,"column":17},"end":{"line":27,"column":32}},{"start":{"line":27,"column":32},"end":{"line":27,"column":54}}],"line":27},"4":{"loc":{"start":{"line":63,"column":28},"end":{"line":63,"column":null}},"type":"cond-expr","locations":[{"start":{"line":63,"column":36},"end":{"line":63,"column":45}},{"start":{"line":63,"column":45},"end":{"line":63,"column":null}}],"line":63},"5":{"loc":{"start":{"line":78,"column":28},"end":{"line":78,"column":null}},"type":"cond-expr","locations":[{"start":{"line":78,"column":36},"end":{"line":78,"column":45}},{"start":{"line":78,"column":45},"end":{"line":78,"column":null}}],"line":78},"6":{"loc":{"start":{"line":84,"column":13},"end":{"line":84,"column":null}},"type":"binary-expr","locations":[{"start":{"line":84,"column":13},"end":{"line":84,"column":22}},{"start":{"line":84,"column":22},"end":{"line":84,"column":null}}],"line":84},"7":{"loc":{"start":{"line":89,"column":22},"end":{"line":89,"column":null}},"type":"binary-expr","locations":[{"start":{"line":89,"column":22},"end":{"line":89,"column":35}},{"start":{"line":89,"column":35},"end":{"line":89,"column":48}},{"start":{"line":89,"column":48},"end":{"line":89,"column":null}}],"line":89},"8":{"loc":{"start":{"line":92,"column":13},"end":{"line":99,"column":null}},"type":"cond-expr","locations":[{"start":{"line":93,"column":14},"end":{"line":97,"column":16}},{"start":{"line":97,"column":14},"end":{"line":99,"column":null}}],"line":92}},"s":{"0":11,"1":11,"2":11,"3":11,"4":11,"5":2,"6":2,"7":2,"8":2,"9":2,"10":1,"11":1,"12":1,"13":1,"14":0,"15":2,"16":11,"17":2,"18":2},"f":{"0":11,"1":2,"2":2,"3":2},"b":{"0":[1,0],"1":[1,1],"2":[1,0],"3":[1,0],"4":[1,10],"5":[1,10],"6":[11,1],"7":[11,9,6],"8":[2,9]},"meta":{"lastBranch":9,"lastFunction":4,"lastStatement":19,"seen":{"f:9:24:9:35":0,"s:10:34:10:Infinity":0,"s:11:34:11:Infinity":1,"s:12:28:12:Infinity":2,"s:13:36:13:Infinity":3,"s:15:23:34:Infinity":4,"f:15:23:15:30":1,"s:16:4:16:Infinity":5,"s:17:4:17:Infinity":6,"s:18:4:18:Infinity":7,"s:20:4:33:Infinity":8,"s:21:23:21:Infinity":9,"b:22:6:24:Infinity:undefined:undefined:undefined:undefined":0,"s:22:6:24:Infinity":10,"b:22:10:22:22:22:22:22:38":1,"s:23:8:23:Infinity":11,"b:26:6:30:Infinity:28:13:30:Infinity":2,"s:26:6:30:Infinity":12,"s:27:8:27:Infinity":13,"b:27:17:27:32:27:32:27:54":3,"s:29:8:29:Infinity":14,"s:32:6:32:Infinity":15,"s:36:2:104:Infinity":16,"f:61:14:61:25":2,"s:61:31:61:Infinity":17,"b:63:36:63:45:63:45:63:Infinity":4,"f:76:14:76:25":3,"s:76:31:76:Infinity":18,"b:78:36:78:45:78:45:78:Infinity":5,"b:84:13:84:22:84:22:84:Infinity":6,"b:89:22:89:35:89:35:89:48:89:48:89:Infinity":7,"b:93:14:97:16:97:14:99:Infinity":8},"fnNames":{}}}
,"C:\\Users\\lenovo\\OneDrive\\Desktop\\fifa\\src\\components\\dashboard\\CameraModal.tsx": {"path":"C:\\Users\\lenovo\\OneDrive\\Desktop\\fifa\\src\\components\\dashboard\\CameraModal.tsx","statementMap":{"0":{"start":{"line":14,"column":6},"end":{"line":81,"column":null}},"1":{"start":{"line":15,"column":19},"end":{"line":15,"column":null}},"2":{"start":{"line":18,"column":2},"end":{"line":30,"column":null}},"3":{"start":{"line":19,"column":10},"end":{"line":21,"column":null}},"4":{"start":{"line":20,"column":6},"end":{"line":20,"column":null}},"5":{"start":{"line":20,"column":30},"end":{"line":20,"column":null}},"6":{"start":{"line":24,"column":4},"end":{"line":26,"column":null}},"7":{"start":{"line":25,"column":6},"end":{"line":25,"column":null}},"8":{"start":{"line":28,"column":4},"end":{"line":28,"column":null}},"9":{"start":{"line":29,"column":4},"end":{"line":29,"column":null}},"10":{"start":{"line":29,"column":17},"end":{"line":29,"column":null}},"11":{"start":{"line":32,"column":2},"end":{"line":32,"column":null}},"12":{"start":{"line":32,"column":23},"end":{"line":32,"column":null}},"13":{"start":{"line":34,"column":2},"end":{"line":79,"column":null}},"14":{"start":{"line":46,"column":24},"end":{"line":46,"column":null}},"15":{"start":{"line":64,"column":12},"end":{"line":75,"column":null}}},"fnMap":{"0":{"name":"(anonymous_0)","decl":{"start":{"line":14,"column":6},"end":{"line":14,"column":49}},"loc":{"start":{"line":14,"column":81},"end":{"line":81,"column":null}},"line":14},"1":{"name":"(anonymous_1)","decl":{"start":{"line":18,"column":2},"end":{"line":18,"column":18}},"loc":{"start":{"line":18,"column":18},"end":{"line":30,"column":5}},"line":18},"2":{"name":"(anonymous_2)","decl":{"start":{"line":19,"column":10},"end":{"line":19,"column":27}},"loc":{"start":{"line":19,"column":48},"end":{"line":21,"column":null}},"line":19},"3":{"name":"(anonymous_3)","decl":{"start":{"line":29,"column":4},"end":{"line":29,"column":17}},"loc":{"start":{"line":29,"column":17},"end":{"line":29,"column":null}},"line":29},"4":{"name":"(anonymous_4)","decl":{"start":{"line":46,"column":8},"end":{"line":46,"column":18}},"loc":{"start":{"line":46,"column":24},"end":{"line":46,"column":null}},"line":46},"5":{"name":"(anonymous_5)","decl":{"start":{"line":63,"column":24},"end":{"line":63,"column":29}},"loc":{"start":{"line":64,"column":12},"end":{"line":75,"column":null}},"line":64}},"branchMap":{"0":{"loc":{"start":{"line":20,"column":6},"end":{"line":20,"column":null}},"type":"if","locations":[{"start":{"line":20,"column":6},"end":{"line":20,"column":null}},{"start":{},"end":{}}],"line":20},"1":{"loc":{"start":{"line":24,"column":4},"end":{"line":26,"column":null}},"type":"if","locations":[{"start":{"line":24,"column":4},"end":{"line":26,"column":null}},{"start":{},"end":{}}],"line":24},"2":{"loc":{"start":{"line":32,"column":2},"end":{"line":32,"column":null}},"type":"if","locations":[{"start":{"line":32,"column":2},"end":{"line":32,"column":null}},{"start":{},"end":{}}],"line":32}},"s":{"0":1,"1":1,"2":1,"3":1,"4":0,"5":0,"6":1,"7":1,"8":1,"9":1,"10":1,"11":1,"12":0,"13":1,"14":1,"15":4},"f":{"0":1,"1":1,"2":0,"3":1,"4":1,"5":4},"b":{"0":[0,0],"1":[1,0],"2":[0,1]},"meta":{"lastBranch":3,"lastFunction":6,"lastStatement":16,"seen":{"s:14:6:81:Infinity":0,"f:14:6:14:49":0,"s:15:19:15:Infinity":1,"s:18:2:30:Infinity":2,"f:18:2:18:18":1,"s:19:10:21:Infinity":3,"f:19:10:19:27":2,"b:20:6:20:Infinity:undefined:undefined:undefined:undefined":0,"s:20:6:20:Infinity":4,"s:20:30:20:Infinity":5,"b:24:4:26:Infinity:undefined:undefined:undefined:undefined":1,"s:24:4:26:Infinity":6,"s:25:6:25:Infinity":7,"s:28:4:28:Infinity":8,"s:29:4:29:Infinity":9,"f:29:4:29:17":3,"s:29:17:29:Infinity":10,"b:32:2:32:Infinity:undefined:undefined:undefined:undefined":2,"s:32:2:32:Infinity":11,"s:32:23:32:Infinity":12,"s:34:2:79:Infinity":13,"f:46:8:46:18":4,"s:46:24:46:Infinity":14,"f:63:24:63:29":5,"s:64:12:75:Infinity":15},"fnNames":{}}}
,"C:\\Users\\lenovo\\OneDrive\\Desktop\\fifa\\src\\components\\dashboard\\InsightPanel.tsx": {"path":"C:\\Users\\lenovo\\OneDrive\\Desktop\\fifa\\src\\components\\dashboard\\InsightPanel.tsx","statementMap":{"0":{"start":{"line":17,"column":6},"end":{"line":85,"column":null}},"1":{"start":{"line":18,"column":2},"end":{"line":83,"column":null}},"2":{"start":{"line":37,"column":12},"end":{"line":79,"column":null}}},"fnMap":{"0":{"name":"(anonymous_0)","decl":{"start":{"line":17,"column":6},"end":{"line":17,"column":51}},"loc":{"start":{"line":17,"column":68},"end":{"line":85,"column":null}},"line":17},"1":{"name":"(anonymous_1)","decl":{"start":{"line":36,"column":20},"end":{"line":36,"column":24}},"loc":{"start":{"line":37,"column":12},"end":{"line":79,"column":null}},"line":37}},"branchMap":{"0":{"loc":{"start":{"line":40,"column":19},"end":{"line":42,"column":null}},"type":"cond-expr","locations":[{"start":{"line":40,"column":80},"end":{"line":40,"column":null}},{"start":{"line":41,"column":19},"end":{"line":42,"column":null}}],"line":40},"1":{"loc":{"start":{"line":40,"column":19},"end":{"line":40,"column":80}},"type":"binary-expr","locations":[{"start":{"line":40,"column":19},"end":{"line":40,"column":50}},{"start":{"line":40,"column":50},"end":{"line":40,"column":80}}],"line":40},"2":{"loc":{"start":{"line":41,"column":19},"end":{"line":42,"column":null}},"type":"cond-expr","locations":[{"start":{"line":41,"column":79},"end":{"line":41,"column":null}},{"start":{"line":42,"column":18},"end":{"line":42,"column":null}}],"line":41},"3":{"loc":{"start":{"line":41,"column":19},"end":{"line":41,"column":79}},"type":"binary-expr","locations":[{"start":{"line":41,"column":19},"end":{"line":41,"column":52}},{"start":{"line":41,"column":52},"end":{"line":41,"column":79}}],"line":41},"4":{"loc":{"start":{"line":45,"column":19},"end":{"line":47,"column":37}},"type":"cond-expr","locations":[{"start":{"line":45,"column":80},"end":{"line":45,"column":null}},{"start":{"line":46,"column":19},"end":{"line":47,"column":37}}],"line":45},"5":{"loc":{"start":{"line":45,"column":19},"end":{"line":45,"column":80}},"type":"binary-expr","locations":[{"start":{"line":45,"column":19},"end":{"line":45,"column":50}},{"start":{"line":45,"column":50},"end":{"line":45,"column":80}}],"line":45},"6":{"loc":{"start":{"line":46,"column":19},"end":{"line":47,"column":37}},"type":"cond-expr","locations":[{"start":{"line":46,"column":79},"end":{"line":46,"column":null}},{"start":{"line":47,"column":18},"end":{"line":47,"column":37}}],"line":46},"7":{"loc":{"start":{"line":46,"column":19},"end":{"line":46,"column":79}},"type":"binary-expr","locations":[{"start":{"line":46,"column":19},"end":{"line":46,"column":52}},{"start":{"line":46,"column":52},"end":{"line":46,"column":79}}],"line":46},"8":{"loc":{"start":{"line":57,"column":18},"end":{"line":72,"column":17}},"type":"cond-expr","locations":[{"start":{"line":58,"column":18},"end":{"line":65,"column":19}},{"start":{"line":65,"column":18},"end":{"line":72,"column":17}}],"line":57},"9":{"loc":{"start":{"line":57,"column":18},"end":{"line":57,"column":null}},"type":"binary-expr","locations":[{"start":{"line":57,"column":18},"end":{"line":57,"column":49}},{"start":{"line":57,"column":49},"end":{"line":57,"column":null}}],"line":57}},"s":{"0":1,"1":4,"2":12},"f":{"0":4,"1":12},"b":{"0":[4,8],"1":[12,8],"2":[4,4],"3":[8,4],"4":[4,8],"5":[12,8],"6":[4,4],"7":[8,4],"8":[4,8],"9":[12,8]},"meta":{"lastBranch":10,"lastFunction":2,"lastStatement":3,"seen":{"s:17:6:85:Infinity":0,"f:17:6:17:51":0,"s:18:2:83:Infinity":1,"f:36:20:36:24":1,"s:37:12:79:Infinity":2,"b:40:80:40:Infinity:41:19:42:Infinity":0,"b:40:19:40:50:40:50:40:80":1,"b:41:79:41:Infinity:42:18:42:Infinity":2,"b:41:19:41:52:41:52:41:79":3,"b:45:80:45:Infinity:46:19:47:37":4,"b:45:19:45:50:45:50:45:80":5,"b:46:79:46:Infinity:47:18:47:37":6,"b:46:19:46:52:46:52:46:79":7,"b:58:18:65:19:65:18:72:17":8,"b:57:18:57:49:57:49:57:Infinity":9},"fnNames":{}}}
,"C:\\Users\\lenovo\\OneDrive\\Desktop\\fifa\\src\\components\\dashboard\\MetricsCards.tsx": {"path":"C:\\Users\\lenovo\\OneDrive\\Desktop\\fifa\\src\\components\\dashboard\\MetricsCards.tsx","statementMap":{"0":{"start":{"line":16,"column":6},"end":{"line":44,"column":null}},"1":{"start":{"line":17,"column":16},"end":{"line":22,"column":null}},"2":{"start":{"line":24,"column":2},"end":{"line":42,"column":null}},"3":{"start":{"line":27,"column":8},"end":{"line":40,"column":null}}},"fnMap":{"0":{"name":"(anonymous_0)","decl":{"start":{"line":16,"column":6},"end":{"line":16,"column":51}},"loc":{"start":{"line":16,"column":67},"end":{"line":44,"column":null}},"line":16},"1":{"name":"(anonymous_1)","decl":{"start":{"line":26,"column":13},"end":{"line":26,"column":18}},"loc":{"start":{"line":27,"column":8},"end":{"line":40,"column":null}},"line":27}},"branchMap":{"0":{"loc":{"start":{"line":21,"column":36},"end":{"line":21,"column":59}},"type":"binary-expr","locations":[{"start":{"line":21,"column":36},"end":{"line":21,"column":56}},{"start":{"line":21,"column":56},"end":{"line":21,"column":59}}],"line":21}},"s":{"0":1,"1":4,"2":4,"3":16},"f":{"0":4,"1":16},"b":{"0":[4,0]},"meta":{"lastBranch":1,"lastFunction":2,"lastStatement":4,"seen":{"s:16:6:44:Infinity":0,"f:16:6:16:51":0,"s:17:16:22:Infinity":1,"b:21:36:21:56:21:56:21:59":0,"s:24:2:42:Infinity":2,"f:26:13:26:18":1,"s:27:8:40:Infinity":3},"fnNames":{}}}
,"C:\\Users\\lenovo\\OneDrive\\Desktop\\fifa\\src\\components\\dashboard\\SectorDetails.tsx": {"path":"C:\\Users\\lenovo\\OneDrive\\Desktop\\fifa\\src\\components\\dashboard\\SectorDetails.tsx","statementMap":{"0":{"start":{"line":13,"column":6},"end":{"line":92,"column":null}},"1":{"start":{"line":20,"column":2},"end":{"line":20,"column":null}},"2":{"start":{"line":20,"column":23},"end":{"line":20,"column":null}},"3":{"start":{"line":22,"column":21},"end":{"line":22,"column":null}},"4":{"start":{"line":24,"column":2},"end":{"line":90,"column":null}},"5":{"start":{"line":33,"column":25},"end":{"line":33,"column":null}},"6":{"start":{"line":67,"column":12},"end":{"line":71,"column":null}},"7":{"start":{"line":68,"column":14},"end":{"line":68,"column":null}},"8":{"start":{"line":68,"column":34},"end":{"line":68,"column":74}},"9":{"start":{"line":68,"column":49},"end":{"line":68,"column":73}},"10":{"start":{"line":70,"column":14},"end":{"line":70,"column":null}},"11":{"start":{"line":70,"column":34},"end":{"line":70,"column":59}},"12":{"start":{"line":83,"column":25},"end":{"line":83,"column":null}}},"fnMap":{"0":{"name":"(anonymous_0)","decl":{"start":{"line":13,"column":6},"end":{"line":13,"column":53}},"loc":{"start":{"line":19,"column":6},"end":{"line":92,"column":null}},"line":19},"1":{"name":"(anonymous_1)","decl":{"start":{"line":33,"column":10},"end":{"line":33,"column":25}},"loc":{"start":{"line":33,"column":25},"end":{"line":33,"column":null}},"line":33},"2":{"name":"(anonymous_2)","decl":{"start":{"line":66,"column":10},"end":{"line":66,"column":25}},"loc":{"start":{"line":66,"column":25},"end":{"line":72,"column":null}},"line":66},"3":{"name":"(anonymous_3)","decl":{"start":{"line":68,"column":14},"end":{"line":68,"column":29}},"loc":{"start":{"line":68,"column":34},"end":{"line":68,"column":74}},"line":68},"4":{"name":"(anonymous_4)","decl":{"start":{"line":68,"column":36},"end":{"line":68,"column":43}},"loc":{"start":{"line":68,"column":49},"end":{"line":68,"column":73}},"line":68},"5":{"name":"(anonymous_5)","decl":{"start":{"line":70,"column":14},"end":{"line":70,"column":29}},"loc":{"start":{"line":70,"column":34},"end":{"line":70,"column":59}},"line":70},"6":{"name":"(anonymous_6)","decl":{"start":{"line":83,"column":10},"end":{"line":83,"column":25}},"loc":{"start":{"line":83,"column":25},"end":{"line":83,"column":null}},"line":83}},"branchMap":{"0":{"loc":{"start":{"line":20,"column":2},"end":{"line":20,"column":null}},"type":"if","locations":[{"start":{"line":20,"column":2},"end":{"line":20,"column":null}},{"start":{},"end":{}}],"line":20},"1":{"loc":{"start":{"line":45,"column":12},"end":{"line":47,"column":null}},"type":"cond-expr","locations":[{"start":{"line":45,"column":48},"end":{"line":45,"column":null}},{"start":{"line":46,"column":12},"end":{"line":47,"column":null}}],"line":45},"2":{"loc":{"start":{"line":46,"column":12},"end":{"line":47,"column":null}},"type":"cond-expr","locations":[{"start":{"line":46,"column":47},"end":{"line":46,"column":null}},{"start":{"line":47,"column":12},"end":{"line":47,"column":null}}],"line":46},"3":{"loc":{"start":{"line":67,"column":12},"end":{"line":71,"column":null}},"type":"if","locations":[{"start":{"line":67,"column":12},"end":{"line":71,"column":null}},{"start":{"line":69,"column":19},"end":{"line":71,"column":null}}],"line":67},"4":{"loc":{"start":{"line":75,"column":12},"end":{"line":77,"column":null}},"type":"cond-expr","locations":[{"start":{"line":76,"column":16},"end":{"line":76,"column":null}},{"start":{"line":77,"column":16},"end":{"line":77,"column":null}}],"line":75},"5":{"loc":{"start":{"line":80,"column":11},"end":{"line":80,"column":null}},"type":"cond-expr","locations":[{"start":{"line":80,"column":24},"end":{"line":80,"column":40}},{"start":{"line":80,"column":40},"end":{"line":80,"column":null}}],"line":80}},"s":{"0":1,"1":6,"2":4,"3":2,"4":2,"5":0,"6":0,"7":0,"8":0,"9":0,"10":0,"11":0,"12":1},"f":{"0":6,"1":0,"2":0,"3":0,"4":0,"5":0,"6":1},"b":{"0":[4,2],"1":[0,2],"2":[0,2],"3":[0,0],"4":[0,2],"5":[0,2]},"meta":{"lastBranch":6,"lastFunction":7,"lastStatement":13,"seen":{"s:13:6:92:Infinity":0,"f:13:6:13:53":0,"b:20:2:20:Infinity:undefined:undefined:undefined:undefined":0,"s:20:2:20:Infinity":1,"s:20:23:20:Infinity":2,"s:22:21:22:Infinity":3,"s:24:2:90:Infinity":4,"f:33:10:33:25":1,"s:33:25:33:Infinity":5,"b:45:48:45:Infinity:46:12:47:Infinity":1,"b:46:47:46:Infinity:47:12:47:Infinity":2,"f:66:10:66:25":2,"b:67:12:71:Infinity:69:19:71:Infinity":3,"s:67:12:71:Infinity":6,"s:68:14:68:Infinity":7,"f:68:14:68:29":3,"s:68:34:68:74":8,"f:68:36:68:43":4,"s:68:49:68:73":9,"s:70:14:70:Infinity":10,"f:70:14:70:29":5,"s:70:34:70:59":11,"b:76:16:76:Infinity:77:16:77:Infinity":4,"b:80:24:80:40:80:40:80:Infinity":5,"f:83:10:83:25":6,"s:83:25:83:Infinity":12},"fnNames":{}}}
,"C:\\Users\\lenovo\\OneDrive\\Desktop\\fifa\\src\\components\\dashboard\\StadiumMap.tsx": {"path":"C:\\Users\\lenovo\\OneDrive\\Desktop\\fifa\\src\\components\\dashboard\\StadiumMap.tsx","statementMap":{"0":{"start":{"line":23,"column":6},"end":{"line":131,"column":null}},"1":{"start":{"line":25,"column":8},"end":{"line":42,"column":null}},"2":{"start":{"line":26,"column":19},"end":{"line":26,"column":null}},"3":{"start":{"line":27,"column":23},"end":{"line":27,"column":null}},"4":{"start":{"line":28,"column":4},"end":{"line":41,"column":null}},"5":{"start":{"line":29,"column":21},"end":{"line":29,"column":null}},"6":{"start":{"line":31,"column":8},"end":{"line":34,"column":null}},"7":{"start":{"line":32,"column":10},"end":{"line":32,"column":null}},"8":{"start":{"line":33,"column":10},"end":{"line":33,"column":null}},"9":{"start":{"line":44,"column":2},"end":{"line":129,"column":null}}},"fnMap":{"0":{"name":"(anonymous_0)","decl":{"start":{"line":23,"column":6},"end":{"line":23,"column":47}},"loc":{"start":{"line":23,"column":102},"end":{"line":131,"column":null}},"line":23},"1":{"name":"(anonymous_1)","decl":{"start":{"line":25,"column":8},"end":{"line":25,"column":26}},"loc":{"start":{"line":25,"column":48},"end":{"line":42,"column":null}},"line":25},"2":{"name":"(anonymous_2)","decl":{"start":{"line":29,"column":6},"end":{"line":29,"column":21}},"loc":{"start":{"line":29,"column":21},"end":{"line":29,"column":null}},"line":29},"3":{"name":"(anonymous_3)","decl":{"start":{"line":30,"column":6},"end":{"line":30,"column":18}},"loc":{"start":{"line":30,"column":58},"end":{"line":35,"column":null}},"line":30}},"branchMap":{"0":{"loc":{"start":{"line":31,"column":8},"end":{"line":34,"column":null}},"type":"if","locations":[{"start":{"line":31,"column":8},"end":{"line":34,"column":null}},{"start":{},"end":{}}],"line":31},"1":{"loc":{"start":{"line":31,"column":12},"end":{"line":31,"column":48}},"type":"binary-expr","locations":[{"start":{"line":31,"column":12},"end":{"line":31,"column":33}},{"start":{"line":31,"column":33},"end":{"line":31,"column":48}}],"line":31},"2":{"loc":{"start":{"line":40,"column":211},"end":{"line":40,"column":null}},"type":"cond-expr","locations":[{"start":{"line":40,"column":224},"end":{"line":40,"column":301}},{"start":{"line":40,"column":301},"end":{"line":40,"column":null}}],"line":40},"3":{"loc":{"start":{"line":82,"column":56},"end":{"line":82,"column":null}},"type":"cond-expr","locations":[{"start":{"line":82,"column":89},"end":{"line":82,"column":97}},{"start":{"line":82,"column":97},"end":{"line":82,"column":null}}],"line":82},"4":{"loc":{"start":{"line":83,"column":78},"end":{"line":83,"column":123}},"type":"cond-expr","locations":[{"start":{"line":83,"column":111},"end":{"line":83,"column":117}},{"start":{"line":83,"column":117},"end":{"line":83,"column":123}}],"line":83},"5":{"loc":{"start":{"line":90,"column":56},"end":{"line":90,"column":null}},"type":"cond-expr","locations":[{"start":{"line":90,"column":89},"end":{"line":90,"column":97}},{"start":{"line":90,"column":97},"end":{"line":90,"column":null}}],"line":90},"6":{"loc":{"start":{"line":91,"column":78},"end":{"line":91,"column":123}},"type":"cond-expr","locations":[{"start":{"line":91,"column":111},"end":{"line":91,"column":117}},{"start":{"line":91,"column":117},"end":{"line":91,"column":123}}],"line":91},"7":{"loc":{"start":{"line":98,"column":55},"end":{"line":98,"column":null}},"type":"cond-expr","locations":[{"start":{"line":98,"column":87},"end":{"line":98,"column":95}},{"start":{"line":98,"column":95},"end":{"line":98,"column":null}}],"line":98},"8":{"loc":{"start":{"line":99,"column":77},"end":{"line":99,"column":121}},"type":"cond-expr","locations":[{"start":{"line":99,"column":109},"end":{"line":99,"column":115}},{"start":{"line":99,"column":115},"end":{"line":99,"column":121}}],"line":99},"9":{"loc":{"start":{"line":106,"column":55},"end":{"line":106,"column":null}},"type":"cond-expr","locations":[{"start":{"line":106,"column":87},"end":{"line":106,"column":95}},{"start":{"line":106,"column":95},"end":{"line":106,"column":null}}],"line":106},"10":{"loc":{"start":{"line":107,"column":77},"end":{"line":107,"column":121}},"type":"cond-expr","locations":[{"start":{"line":107,"column":109},"end":{"line":107,"column":115}},{"start":{"line":107,"column":115},"end":{"line":107,"column":121}}],"line":107},"11":{"loc":{"start":{"line":113,"column":96},"end":{"line":113,"column":138}},"type":"cond-expr","locations":[{"start":{"line":113,"column":126},"end":{"line":113,"column":132}},{"start":{"line":113,"column":132},"end":{"line":113,"column":138}}],"line":113},"12":{"loc":{"start":{"line":117,"column":96},"end":{"line":117,"column":138}},"type":"cond-expr","locations":[{"start":{"line":117,"column":126},"end":{"line":117,"column":132}},{"start":{"line":117,"column":132},"end":{"line":117,"column":138}}],"line":117},"13":{"loc":{"start":{"line":121,"column":127},"end":{"line":121,"column":168}},"type":"cond-expr","locations":[{"start":{"line":121,"column":157},"end":{"line":121,"column":163}},{"start":{"line":121,"column":163},"end":{"line":121,"column":168}}],"line":121},"14":{"loc":{"start":{"line":125,"column":96},"end":{"line":125,"column":138}},"type":"cond-expr","locations":[{"start":{"line":125,"column":126},"end":{"line":125,"column":132}},{"start":{"line":125,"column":132},"end":{"line":125,"column":138}}],"line":125}},"s":{"0":2,"1":9,"2":72,"3":72,"4":72,"5":3,"6":1,"7":1,"8":1,"9":9},"f":{"0":9,"1":72,"2":3,"3":1},"b":{"0":[1,0],"1":[1,0],"2":[3,69],"3":[3,6],"4":[3,6],"5":[0,9],"6":[0,9],"7":[0,9],"8":[0,9],"9":[0,9],"10":[0,9],"11":[0,9],"12":[0,9],"13":[0,9],"14":[0,9]},"meta":{"lastBranch":15,"lastFunction":4,"lastStatement":10,"seen":{"s:23:6:131:Infinity":0,"f:23:6:23:47":0,"s:25:8:42:Infinity":1,"f:25:8:25:26":1,"s:26:19:26:Infinity":2,"s:27:23:27:Infinity":3,"s:28:4:41:Infinity":4,"f:29:6:29:21":2,"s:29:21:29:Infinity":5,"f:30:6:30:18":3,"b:31:8:34:Infinity:undefined:undefined:undefined:undefined":0,"s:31:8:34:Infinity":6,"b:31:12:31:33:31:33:31:48":1,"s:32:10:32:Infinity":7,"s:33:10:33:Infinity":8,"b:40:224:40:301:40:301:40:Infinity":2,"s:44:2:129:Infinity":9,"b:82:89:82:97:82:97:82:Infinity":3,"b:83:111:83:117:83:117:83:123":4,"b:90:89:90:97:90:97:90:Infinity":5,"b:91:111:91:117:91:117:91:123":6,"b:98:87:98:95:98:95:98:Infinity":7,"b:99:109:99:115:99:115:99:121":8,"b:106:87:106:95:106:95:106:Infinity":9,"b:107:109:107:115:107:115:107:121":10,"b:113:126:113:132:113:132:113:138":11,"b:117:126:117:132:117:132:117:138":12,"b:121:157:121:163:121:163:121:168":13,"b:125:126:125:132:125:132:125:138":14},"fnNames":{}}}
,"C:\\Users\\lenovo\\OneDrive\\Desktop\\fifa\\src\\services\\aiSim.ts": {"path":"C:\\Users\\lenovo\\OneDrive\\Desktop\\fifa\\src\\services\\aiSim.ts","statementMap":{"0":{"start":{"line":13,"column":6},"end":{"line":13,"column":null}},"1":{"start":{"line":13,"column":30},"end":{"line":13,"column":null}},"2":{"start":{"line":13,"column":53},"end":{"line":13,"column":76}},"3":{"start":{"line":16,"column":19},"end":{"line":16,"column":null}},"4":{"start":{"line":17,"column":16},"end":{"line":17,"column":null}},"5":{"start":{"line":21,"column":14},"end":{"line":21,"column":null}},"6":{"start":{"line":22,"column":2},"end":{"line":26,"column":null}},"7":{"start":{"line":24,"column":4},"end":{"line":24,"column":null}},"8":{"start":{"line":25,"column":4},"end":{"line":25,"column":null}},"9":{"start":{"line":28,"column":2},"end":{"line":31,"column":null}},"10":{"start":{"line":29,"column":4},"end":{"line":29,"column":null}},"11":{"start":{"line":30,"column":4},"end":{"line":30,"column":null}},"12":{"start":{"line":32,"column":2},"end":{"line":32,"column":null}},"13":{"start":{"line":35,"column":2},"end":{"line":37,"column":null}},"14":{"start":{"line":36,"column":4},"end":{"line":36,"column":null}},"15":{"start":{"line":39,"column":2},"end":{"line":39,"column":null}},"16":{"start":{"line":41,"column":19},"end":{"line":41,"column":null}},"17":{"start":{"line":43,"column":2},"end":{"line":45,"column":null}},"18":{"start":{"line":44,"column":4},"end":{"line":44,"column":null}},"19":{"start":{"line":46,"column":2},"end":{"line":48,"column":null}},"20":{"start":{"line":47,"column":4},"end":{"line":47,"column":null}},"21":{"start":{"line":49,"column":2},"end":{"line":51,"column":null}},"22":{"start":{"line":50,"column":4},"end":{"line":50,"column":null}},"23":{"start":{"line":52,"column":2},"end":{"line":54,"column":null}},"24":{"start":{"line":53,"column":4},"end":{"line":53,"column":null}},"25":{"start":{"line":55,"column":2},"end":{"line":57,"column":null}},"26":{"start":{"line":56,"column":4},"end":{"line":56,"column":null}},"27":{"start":{"line":59,"column":2},"end":{"line":59,"column":null}},"28":{"start":{"line":64,"column":17},"end":{"line":75,"column":null}},"29":{"start":{"line":77,"column":16},"end":{"line":77,"column":null}},"30":{"start":{"line":77,"column":33},"end":{"line":77,"column":52}},"31":{"start":{"line":78,"column":2},"end":{"line":80,"column":null}},"32":{"start":{"line":79,"column":4},"end":{"line":79,"column":null}},"33":{"start":{"line":81,"column":2},"end":{"line":81,"column":null}},"34":{"start":{"line":85,"column":2},"end":{"line":102,"column":null}},"35":{"start":{"line":86,"column":4},"end":{"line":101,"column":null}},"36":{"start":{"line":104,"column":2},"end":{"line":121,"column":null}},"37":{"start":{"line":105,"column":4},"end":{"line":120,"column":null}},"38":{"start":{"line":123,"column":2},"end":{"line":139,"column":null}},"39":{"start":{"line":143,"column":2},"end":{"line":145,"column":null}},"40":{"start":{"line":144,"column":4},"end":{"line":144,"column":null}},"41":{"start":{"line":146,"column":2},"end":{"line":148,"column":null}},"42":{"start":{"line":147,"column":4},"end":{"line":147,"column":null}},"43":{"start":{"line":149,"column":2},"end":{"line":155,"column":null}}},"fnMap":{"0":{"name":"(anonymous_0)","decl":{"start":{"line":13,"column":6},"end":{"line":13,"column":15}},"loc":{"start":{"line":13,"column":30},"end":{"line":13,"column":null}},"line":13},"1":{"name":"(anonymous_1)","decl":{"start":{"line":13,"column":34},"end":{"line":13,"column":42}},"loc":{"start":{"line":13,"column":53},"end":{"line":13,"column":76}},"line":13},"2":{"name":"simulateAIResponse","decl":{"start":{"line":19,"column":22},"end":{"line":19,"column":41}},"loc":{"start":{"line":19,"column":75},"end":{"line":60,"column":null}},"line":19},"3":{"name":"simulateLiveMatchData","decl":{"start":{"line":62,"column":22},"end":{"line":62,"column":44}},"loc":{"start":{"line":62,"column":60},"end":{"line":82,"column":null}},"line":62},"4":{"name":"(anonymous_4)","decl":{"start":{"line":77,"column":23},"end":{"line":77,"column":28}},"loc":{"start":{"line":77,"column":33},"end":{"line":77,"column":52}},"line":77},"5":{"name":"getStaffInsights","decl":{"start":{"line":84,"column":16},"end":{"line":84,"column":33}},"loc":{"start":{"line":84,"column":72},"end":{"line":140,"column":null}},"line":84},"6":{"name":"getStadiumMetrics","decl":{"start":{"line":142,"column":16},"end":{"line":142,"column":34}},"loc":{"start":{"line":142,"column":73},"end":{"line":156,"column":null}},"line":142}},"branchMap":{"0":{"loc":{"start":{"line":22,"column":2},"end":{"line":26,"column":null}},"type":"if","locations":[{"start":{"line":22,"column":2},"end":{"line":26,"column":null}},{"start":{},"end":{}}],"line":22},"1":{"loc":{"start":{"line":28,"column":2},"end":{"line":31,"column":null}},"type":"if","locations":[{"start":{"line":28,"column":2},"end":{"line":31,"column":null}},{"start":{},"end":{}}],"line":28},"2":{"loc":{"start":{"line":35,"column":2},"end":{"line":37,"column":null}},"type":"if","locations":[{"start":{"line":35,"column":2},"end":{"line":37,"column":null}},{"start":{},"end":{}}],"line":35},"3":{"loc":{"start":{"line":35,"column":6},"end":{"line":35,"column":40}},"type":"binary-expr","locations":[{"start":{"line":35,"column":6},"end":{"line":35,"column":18}},{"start":{"line":35,"column":18},"end":{"line":35,"column":40}}],"line":35},"4":{"loc":{"start":{"line":43,"column":2},"end":{"line":45,"column":null}},"type":"if","locations":[{"start":{"line":43,"column":2},"end":{"line":45,"column":null}},{"start":{},"end":{}}],"line":43},"5":{"loc":{"start":{"line":43,"column":6},"end":{"line":43,"column":61}},"type":"binary-expr","locations":[{"start":{"line":43,"column":6},"end":{"line":43,"column":35}},{"start":{"line":43,"column":35},"end":{"line":43,"column":61}}],"line":43},"6":{"loc":{"start":{"line":46,"column":2},"end":{"line":48,"column":null}},"type":"if","locations":[{"start":{"line":46,"column":2},"end":{"line":48,"column":null}},{"start":{},"end":{}}],"line":46},"7":{"loc":{"start":{"line":46,"column":6},"end":{"line":46,"column":101}},"type":"binary-expr","locations":[{"start":{"line":46,"column":6},"end":{"line":46,"column":39}},{"start":{"line":46,"column":39},"end":{"line":46,"column":72}},{"start":{"line":46,"column":72},"end":{"line":46,"column":101}}],"line":46},"8":{"loc":{"start":{"line":49,"column":2},"end":{"line":51,"column":null}},"type":"if","locations":[{"start":{"line":49,"column":2},"end":{"line":51,"column":null}},{"start":{},"end":{}}],"line":49},"9":{"loc":{"start":{"line":49,"column":6},"end":{"line":49,"column":93}},"type":"binary-expr","locations":[{"start":{"line":49,"column":6},"end":{"line":49,"column":36}},{"start":{"line":49,"column":36},"end":{"line":49,"column":65}},{"start":{"line":49,"column":65},"end":{"line":49,"column":93}}],"line":49},"10":{"loc":{"start":{"line":52,"column":2},"end":{"line":54,"column":null}},"type":"if","locations":[{"start":{"line":52,"column":2},"end":{"line":54,"column":null}},{"start":{},"end":{}}],"line":52},"11":{"loc":{"start":{"line":52,"column":6},"end":{"line":52,"column":65}},"type":"binary-expr","locations":[{"start":{"line":52,"column":6},"end":{"line":52,"column":39}},{"start":{"line":52,"column":39},"end":{"line":52,"column":65}}],"line":52},"12":{"loc":{"start":{"line":55,"column":2},"end":{"line":57,"column":null}},"type":"if","locations":[{"start":{"line":55,"column":2},"end":{"line":57,"column":null}},{"start":{},"end":{}}],"line":55},"13":{"loc":{"start":{"line":55,"column":6},"end":{"line":55,"column":106}},"type":"binary-expr","locations":[{"start":{"line":55,"column":6},"end":{"line":55,"column":38}},{"start":{"line":55,"column":38},"end":{"line":55,"column":73}},{"start":{"line":55,"column":73},"end":{"line":55,"column":106}}],"line":55},"14":{"loc":{"start":{"line":78,"column":2},"end":{"line":80,"column":null}},"type":"if","locations":[{"start":{"line":78,"column":2},"end":{"line":80,"column":null}},{"start":{},"end":{}}],"line":78},"15":{"loc":{"start":{"line":84,"column":33},"end":{"line":84,"column":72}},"type":"default-arg","locations":[{"start":{"line":84,"column":65},"end":{"line":84,"column":72}}],"line":84},"16":{"loc":{"start":{"line":85,"column":2},"end":{"line":102,"column":null}},"type":"if","locations":[{"start":{"line":85,"column":2},"end":{"line":102,"column":null}},{"start":{},"end":{}}],"line":85},"17":{"loc":{"start":{"line":104,"column":2},"end":{"line":121,"column":null}},"type":"if","locations":[{"start":{"line":104,"column":2},"end":{"line":121,"column":null}},{"start":{},"end":{}}],"line":104},"18":{"loc":{"start":{"line":142,"column":34},"end":{"line":142,"column":73}},"type":"default-arg","locations":[{"start":{"line":142,"column":66},"end":{"line":142,"column":73}}],"line":142},"19":{"loc":{"start":{"line":143,"column":2},"end":{"line":145,"column":null}},"type":"if","locations":[{"start":{"line":143,"column":2},"end":{"line":145,"column":null}},{"start":{},"end":{}}],"line":143},"20":{"loc":{"start":{"line":146,"column":2},"end":{"line":148,"column":null}},"type":"if","locations":[{"start":{"line":146,"column":2},"end":{"line":148,"column":null}},{"start":{},"end":{}}],"line":146}},"s":{"0":2,"1":1,"2":1,"3":2,"4":2,"5":3,"6":3,"7":0,"8":0,"9":3,"10":0,"11":0,"12":3,"13":3,"14":2,"15":1,"16":1,"17":1,"18":1,"19":0,"20":0,"21":0,"22":0,"23":0,"24":0,"25":0,"26":0,"27":0,"28":1,"29":1,"30":3,"31":1,"32":1,"33":0,"34":5,"35":0,"36":5,"37":0,"38":5,"39":5,"40":0,"41":5,"42":0,"43":5},"f":{"0":1,"1":1,"2":3,"3":1,"4":3,"5":5,"6":5},"b":{"0":[0,3],"1":[0,3],"2":[2,1],"3":[3,2],"4":[1,0],"5":[1,0],"6":[0,0],"7":[0,0,0],"8":[0,0],"9":[0,0,0],"10":[0,0],"11":[0,0],"12":[0,0],"13":[0,0,0],"14":[1,0],"15":[5],"16":[0,5],"17":[0,5],"18":[5],"19":[0,5],"20":[0,5]},"meta":{"lastBranch":21,"lastFunction":7,"lastStatement":44,"seen":{"s:13:6:13:Infinity":0,"f:13:6:13:15":0,"s:13:30:13:Infinity":1,"f:13:34:13:42":1,"s:13:53:13:76":2,"s:16:19:16:Infinity":3,"s:17:16:17:Infinity":4,"f:19:22:19:41":2,"s:21:14:21:Infinity":5,"b:22:2:26:Infinity:undefined:undefined:undefined:undefined":0,"s:22:2:26:Infinity":6,"s:24:4:24:Infinity":7,"s:25:4:25:Infinity":8,"b:28:2:31:Infinity:undefined:undefined:undefined:undefined":1,"s:28:2:31:Infinity":9,"s:29:4:29:Infinity":10,"s:30:4:30:Infinity":11,"s:32:2:32:Infinity":12,"b:35:2:37:Infinity:undefined:undefined:undefined:undefined":2,"s:35:2:37:Infinity":13,"b:35:6:35:18:35:18:35:40":3,"s:36:4:36:Infinity":14,"s:39:2:39:Infinity":15,"s:41:19:41:Infinity":16,"b:43:2:45:Infinity:undefined:undefined:undefined:undefined":4,"s:43:2:45:Infinity":17,"b:43:6:43:35:43:35:43:61":5,"s:44:4:44:Infinity":18,"b:46:2:48:Infinity:undefined:undefined:undefined:undefined":6,"s:46:2:48:Infinity":19,"b:46:6:46:39:46:39:46:72:46:72:46:101":7,"s:47:4:47:Infinity":20,"b:49:2:51:Infinity:undefined:undefined:undefined:undefined":8,"s:49:2:51:Infinity":21,"b:49:6:49:36:49:36:49:65:49:65:49:93":9,"s:50:4:50:Infinity":22,"b:52:2:54:Infinity:undefined:undefined:undefined:undefined":10,"s:52:2:54:Infinity":23,"b:52:6:52:39:52:39:52:65":11,"s:53:4:53:Infinity":24,"b:55:2:57:Infinity:undefined:undefined:undefined:undefined":12,"s:55:2:57:Infinity":25,"b:55:6:55:38:55:38:55:73:55:73:55:106":13,"s:56:4:56:Infinity":26,"s:59:2:59:Infinity":27,"f:62:22:62:44":3,"s:64:17:75:Infinity":28,"s:77:16:77:Infinity":29,"f:77:23:77:28":4,"s:77:33:77:52":30,"b:78:2:80:Infinity:undefined:undefined:undefined:undefined":14,"s:78:2:80:Infinity":31,"s:79:4:79:Infinity":32,"s:81:2:81:Infinity":33,"f:84:16:84:33":5,"b:84:65:84:72":15,"b:85:2:102:Infinity:undefined:undefined:undefined:undefined":16,"s:85:2:102:Infinity":34,"s:86:4:101:Infinity":35,"b:104:2:121:Infinity:undefined:undefined:undefined:undefined":17,"s:104:2:121:Infinity":36,"s:105:4:120:Infinity":37,"s:123:2:139:Infinity":38,"f:142:16:142:34":6,"b:142:66:142:73":18,"b:143:2:145:Infinity:undefined:undefined:undefined:undefined":19,"s:143:2:145:Infinity":39,"s:144:4:144:Infinity":40,"b:146:2:148:Infinity:undefined:undefined:undefined:undefined":20,"s:146:2:148:Infinity":41,"s:147:4:147:Infinity":42,"s:149:2:155:Infinity":43},"fnNames":{}}}
,"C:\\Users\\lenovo\\OneDrive\\Desktop\\fifa\\src\\services\\simulation.worker.ts": {"path":"C:\\Users\\lenovo\\OneDrive\\Desktop\\fifa\\src\\services\\simulation.worker.ts","statementMap":{},"fnMap":{},"branchMap":{},"s":{},"f":{},"b":{},"meta":{"lastBranch":0,"lastFunction":0,"lastStatement":0,"seen":{},"fnNames":{}}}
,"C:\\Users\\lenovo\\OneDrive\\Desktop\\fifa\\src\\services\\wsSim.ts": {"path":"C:\\Users\\lenovo\\OneDrive\\Desktop\\fifa\\src\\services\\wsSim.ts","statementMap":{"0":{"start":{"line":5,"column":57},"end":{"line":5,"column":null}},"1":{"start":{"line":6,"column":27},"end":{"line":6,"column":null}},"2":{"start":{"line":8,"column":22},"end":{"line":8,"column":null}},"3":{"start":{"line":9,"column":16},"end":{"line":9,"column":null}},"4":{"start":{"line":10,"column":19},"end":{"line":10,"column":null}},"5":{"start":{"line":11,"column":18},"end":{"line":11,"column":null}},"6":{"start":{"line":14,"column":4},"end":{"line":14,"column":null}},"7":{"start":{"line":15,"column":4},"end":{"line":15,"column":null}},"8":{"start":{"line":16,"column":4},"end":{"line":16,"column":null}},"9":{"start":{"line":17,"column":4},"end":{"line":17,"column":null}},"10":{"start":{"line":20,"column":4},"end":{"line":24,"column":null}},"11":{"start":{"line":21,"column":6},"end":{"line":21,"column":null}},"12":{"start":{"line":22,"column":6},"end":{"line":22,"column":null}},"13":{"start":{"line":23,"column":6},"end":{"line":23,"column":null}},"14":{"start":{"line":28,"column":4},"end":{"line":43,"column":null}},"15":{"start":{"line":29,"column":6},"end":{"line":29,"column":null}},"16":{"start":{"line":30,"column":6},"end":{"line":30,"column":null}},"17":{"start":{"line":30,"column":28},"end":{"line":30,"column":null}},"18":{"start":{"line":33,"column":19},"end":{"line":39,"column":null}},"19":{"start":{"line":41,"column":20},"end":{"line":41,"column":null}},"20":{"start":{"line":42,"column":6},"end":{"line":42,"column":null}},"21":{"start":{"line":47,"column":4},"end":{"line":49,"column":null}},"22":{"start":{"line":48,"column":6},"end":{"line":48,"column":null}},"23":{"start":{"line":51,"column":4},"end":{"line":51,"column":null}},"24":{"start":{"line":55,"column":4},"end":{"line":55,"column":null}},"25":{"start":{"line":56,"column":4},"end":{"line":58,"column":null}},"26":{"start":{"line":57,"column":6},"end":{"line":57,"column":null}},"27":{"start":{"line":59,"column":4},"end":{"line":62,"column":null}},"28":{"start":{"line":60,"column":6},"end":{"line":60,"column":null}},"29":{"start":{"line":61,"column":6},"end":{"line":61,"column":null}}},"fnMap":{"0":{"name":"constructor","decl":{"start":{"line":13,"column":2},"end":{"line":13,"column":14}},"loc":{"start":{"line":13,"column":27},"end":{"line":25,"column":null}},"line":13},"1":{"name":"(anonymous_1)","decl":{"start":{"line":20,"column":4},"end":{"line":20,"column":21}},"loc":{"start":{"line":20,"column":21},"end":{"line":24,"column":7}},"line":20},"2":{"name":"startSimulation","decl":{"start":{"line":27,"column":2},"end":{"line":27,"column":10}},"loc":{"start":{"line":27,"column":28},"end":{"line":44,"column":null}},"line":27},"3":{"name":"(anonymous_3)","decl":{"start":{"line":28,"column":17},"end":{"line":28,"column":35}},"loc":{"start":{"line":28,"column":35},"end":{"line":43,"column":7}},"line":28},"4":{"name":"send","decl":{"start":{"line":46,"column":2},"end":{"line":46,"column":7}},"loc":{"start":{"line":46,"column":21},"end":{"line":52,"column":null}},"line":46},"5":{"name":"close","decl":{"start":{"line":54,"column":2},"end":{"line":54,"column":10}},"loc":{"start":{"line":54,"column":10},"end":{"line":63,"column":null}},"line":54},"6":{"name":"(anonymous_6)","decl":{"start":{"line":59,"column":4},"end":{"line":59,"column":21}},"loc":{"start":{"line":59,"column":21},"end":{"line":62,"column":7}},"line":59}},"branchMap":{"0":{"loc":{"start":{"line":30,"column":6},"end":{"line":30,"column":null}},"type":"if","locations":[{"start":{"line":30,"column":6},"end":{"line":30,"column":null}},{"start":{},"end":{}}],"line":30},"1":{"loc":{"start":{"line":47,"column":4},"end":{"line":49,"column":null}},"type":"if","locations":[{"start":{"line":47,"column":4},"end":{"line":49,"column":null}},{"start":{},"end":{}}],"line":47},"2":{"loc":{"start":{"line":56,"column":4},"end":{"line":58,"column":null}},"type":"if","locations":[{"start":{"line":56,"column":4},"end":{"line":58,"column":null}},{"start":{},"end":{}}],"line":56}},"s":{"0":4,"1":4,"2":1,"3":1,"4":1,"5":1,"6":4,"7":4,"8":4,"9":4,"10":4,"11":2,"12":2,"13":2,"14":2,"15":0,"16":0,"17":0,"18":0,"19":0,"20":0,"21":0,"22":0,"23":0,"24":4,"25":4,"26":0,"27":4,"28":2,"29":2},"f":{"0":4,"1":2,"2":2,"3":0,"4":0,"5":4,"6":2},"b":{"0":[0,0],"1":[0,0],"2":[0,4]},"meta":{"lastBranch":3,"lastFunction":7,"lastStatement":30,"seen":{"s:5:57:5:Infinity":0,"s:6:27:6:Infinity":1,"s:8:22:8:Infinity":2,"s:9:16:9:Infinity":3,"s:10:19:10:Infinity":4,"s:11:18:11:Infinity":5,"f:13:2:13:14":0,"s:14:4:14:Infinity":6,"s:15:4:15:Infinity":7,"s:16:4:16:Infinity":8,"s:17:4:17:Infinity":9,"s:20:4:24:Infinity":10,"f:20:4:20:21":1,"s:21:6:21:Infinity":11,"s:22:6:22:Infinity":12,"s:23:6:23:Infinity":13,"f:27:2:27:10":2,"s:28:4:43:Infinity":14,"f:28:17:28:35":3,"s:29:6:29:Infinity":15,"b:30:6:30:Infinity:undefined:undefined:undefined:undefined":0,"s:30:6:30:Infinity":16,"s:30:28:30:Infinity":17,"s:33:19:39:Infinity":18,"s:41:20:41:Infinity":19,"s:42:6:42:Infinity":20,"f:46:2:46:7":4,"b:47:4:49:Infinity:undefined:undefined:undefined:undefined":1,"s:47:4:49:Infinity":21,"s:48:6:48:Infinity":22,"s:51:4:51:Infinity":23,"f:54:2:54:10":5,"s:55:4:55:Infinity":24,"b:56:4:58:Infinity:undefined:undefined:undefined:undefined":2,"s:56:4:58:Infinity":25,"s:57:6:57:Infinity":26,"s:59:4:62:Infinity":27,"f:59:4:59:21":6,"s:60:6:60:Infinity":28,"s:61:6:61:Infinity":29},"fnNames":{}}}
}
