{"C:\\Users\\lenovo\\OneDrive\\Desktop\\fifa\\src\\App.jsx": {"path":"C:\\Users\\lenovo\\OneDrive\\Desktop\\fifa\\src\\App.jsx","statementMap":{"0":{"start":{"line":5,"column":21},"end":{"line":5,"column":null}},"1":{"start":{"line":5,"column":38},"end":{"line":5,"column":null}},"2":{"start":{"line":6,"column":23},"end":{"line":6,"column":null}},"3":{"start":{"line":6,"column":40},"end":{"line":6,"column":null}},"4":{"start":{"line":7,"column":19},"end":{"line":7,"column":null}},"5":{"start":{"line":7,"column":36},"end":{"line":7,"column":null}},"6":{"start":{"line":9,"column":6},"end":{"line":13,"column":null}},"7":{"start":{"line":10,"column":2},"end":{"line":13,"column":null}},"8":{"start":{"line":17,"column":38},"end":{"line":17,"column":null}},"9":{"start":{"line":18,"column":58},"end":{"line":18,"column":null}},"10":{"start":{"line":20,"column":8},"end":{"line":23,"column":null}},"11":{"start":{"line":21,"column":4},"end":{"line":21,"column":null}},"12":{"start":{"line":22,"column":4},"end":{"line":22,"column":null}},"13":{"start":{"line":25,"column":2},"end":{"line":123,"column":null}},"14":{"start":{"line":38,"column":12},"end":{"line":54,"column":null}},"15":{"start":{"line":70,"column":29},"end":{"line":70,"column":null}},"16":{"start":{"line":82,"column":29},"end":{"line":82,"column":null}},"17":{"start":{"line":118,"column":41},"end":{"line":118,"column":73}}},"fnMap":{"0":{"name":"(anonymous_0)","decl":{"start":{"line":5,"column":27},"end":{"line":5,"column":38}},"loc":{"start":{"line":5,"column":38},"end":{"line":5,"column":null}},"line":5},"1":{"name":"(anonymous_1)","decl":{"start":{"line":6,"column":29},"end":{"line":6,"column":40}},"loc":{"start":{"line":6,"column":40},"end":{"line":6,"column":null}},"line":6},"2":{"name":"(anonymous_2)","decl":{"start":{"line":7,"column":25},"end":{"line":7,"column":36}},"loc":{"start":{"line":7,"column":36},"end":{"line":7,"column":null}},"line":7},"3":{"name":"(anonymous_3)","decl":{"start":{"line":9,"column":6},"end":{"line":9,"column":null}},"loc":{"start":{"line":10,"column":2},"end":{"line":13,"column":null}},"line":10},"4":{"name":"App","decl":{"start":{"line":16,"column":9},"end":{"line":16,"column":15}},"loc":{"start":{"line":16,"column":15},"end":{"line":125,"column":null}},"line":16},"5":{"name":"(anonymous_5)","decl":{"start":{"line":20,"column":8},"end":{"line":20,"column":29}},"loc":{"start":{"line":20,"column":29},"end":{"line":23,"column":null}},"line":20},"6":{"name":"(anonymous_6)","decl":{"start":{"line":37,"column":25},"end":{"line":37,"column":30}},"loc":{"start":{"line":38,"column":12},"end":{"line":54,"column":null}},"line":38},"7":{"name":"(anonymous_7)","decl":{"start":{"line":70,"column":14},"end":{"line":70,"column":29}},"loc":{"start":{"line":70,"column":29},"end":{"line":70,"column":null}},"line":70},"8":{"name":"(anonymous_8)","decl":{"start":{"line":82,"column":14},"end":{"line":82,"column":29}},"loc":{"start":{"line":82,"column":29},"end":{"line":82,"column":null}},"line":82},"9":{"name":"(anonymous_9)","decl":{"start":{"line":118,"column":26},"end":{"line":118,"column":41}},"loc":{"start":{"line":118,"column":41},"end":{"line":118,"column":73}},"line":118}},"branchMap":{"0":{"loc":{"start":{"line":32,"column":7},"end":{"line":56,"column":null}},"type":"binary-expr","locations":[{"start":{"line":32,"column":7},"end":{"line":32,"column":null}},{"start":{"line":33,"column":8},"end":{"line":56,"column":null}}],"line":32},"1":{"loc":{"start":{"line":73,"column":191},"end":{"line":75,"column":null}},"type":"cond-expr","locations":[{"start":{"line":74,"column":20},"end":{"line":74,"column":null}},{"start":{"line":75,"column":20},"end":{"line":75,"column":null}}],"line":73},"2":{"loc":{"start":{"line":85,"column":190},"end":{"line":87,"column":null}},"type":"cond-expr","locations":[{"start":{"line":86,"column":20},"end":{"line":86,"column":null}},{"start":{"line":87,"column":20},"end":{"line":87,"column":null}}],"line":85},"3":{"loc":{"start":{"line":95,"column":11},"end":{"line":105,"column":null}},"type":"binary-expr","locations":[{"start":{"line":95,"column":11},"end":{"line":95,"column":null}},{"start":{"line":96,"column":12},"end":{"line":105,"column":null}}],"line":95},"4":{"loc":{"start":{"line":110,"column":26},"end":{"line":110,"column":85}},"type":"cond-expr","locations":[{"start":{"line":110,"column":49},"end":{"line":110,"column":75}},{"start":{"line":110,"column":75},"end":{"line":110,"column":85}}],"line":110},"5":{"loc":{"start":{"line":114,"column":26},"end":{"line":114,"column":87}},"type":"cond-expr","locations":[{"start":{"line":114,"column":51},"end":{"line":114,"column":77}},{"start":{"line":114,"column":77},"end":{"line":114,"column":87}}],"line":114},"6":{"loc":{"start":{"line":115,"column":13},"end":{"line":118,"column":null}},"type":"cond-expr","locations":[{"start":{"line":116,"column":14},"end":{"line":118,"column":15}},{"start":{"line":118,"column":14},"end":{"line":118,"column":null}}],"line":115}},"s":{"0":1,"1":1,"2":1,"3":1,"4":1,"5":1,"6":1,"7":2,"8":5,"9":5,"10":5,"11":1,"12":1,"13":5,"14":24,"15":0,"16":1,"17":1},"f":{"0":1,"1":1,"2":1,"3":2,"4":5,"5":1,"6":24,"7":0,"8":1,"9":1},"b":{"0":[5,3],"1":[3,2],"2":[2,3],"3":[5,1],"4":[3,2],"5":[2,3],"6":[1,4]},"meta":{"lastBranch":7,"lastFunction":10,"lastStatement":18,"seen":{"s:5:21:5:Infinity":0,"f:5:27:5:38":0,"s:5:38:5:Infinity":1,"s:6:23:6:Infinity":2,"f:6:29:6:40":1,"s:6:40:6:Infinity":3,"s:7:19:7:Infinity":4,"f:7:25:7:36":2,"s:7:36:7:Infinity":5,"s:9:6:13:Infinity":6,"f:9:6:9:Infinity":3,"s:10:2:13:Infinity":7,"f:16:9:16:15":4,"s:17:38:17:Infinity":8,"s:18:58:18:Infinity":9,"s:20:8:23:Infinity":10,"f:20:8:20:29":5,"s:21:4:21:Infinity":11,"s:22:4:22:Infinity":12,"s:25:2:123:Infinity":13,"b:32:7:32:Infinity:33:8:56:Infinity":0,"f:37:25:37:30":6,"s:38:12:54:Infinity":14,"f:70:14:70:29":7,"s:70:29:70:Infinity":15,"b:74:20:74:Infinity:75:20:75:Infinity":1,"f:82:14:82:29":8,"s:82:29:82:Infinity":16,"b:86:20:86:Infinity:87:20:87:Infinity":2,"b:95:11:95:Infinity:96:12:105:Infinity":3,"b:110:49:110:75:110:75:110:85":4,"b:114:51:114:77:114:77:114:87":5,"b:116:14:118:15:118:14:118:Infinity":6,"f:118:26:118:41":9,"s:118:41:118:73":17},"fnNames":{}}}
,"C:\\Users\\lenovo\\OneDrive\\Desktop\\fifa\\src\\components\\FanAssistant.jsx": {"path":"C:\\Users\\lenovo\\OneDrive\\Desktop\\fifa\\src\\components\\FanAssistant.jsx","statementMap":{"0":{"start":{"line":6,"column":20},"end":{"line":10,"column":null}},"1":{"start":{"line":13,"column":22},"end":{"line":31,"column":null}},"2":{"start":{"line":14,"column":2},"end":{"line":31,"column":null}},"3":{"start":{"line":32,"column":0},"end":{"line":32,"column":null}},"4":{"start":{"line":35,"column":34},"end":{"line":37,"column":null}},"5":{"start":{"line":38,"column":28},"end":{"line":38,"column":null}},"6":{"start":{"line":39,"column":34},"end":{"line":39,"column":null}},"7":{"start":{"line":40,"column":40},"end":{"line":40,"column":null}},"8":{"start":{"line":41,"column":36},"end":{"line":43,"column":null}},"9":{"start":{"line":44,"column":25},"end":{"line":44,"column":null}},"10":{"start":{"line":47,"column":2},"end":{"line":62,"column":null}},"11":{"start":{"line":48,"column":18},"end":{"line":59,"column":null}},"12":{"start":{"line":49,"column":6},"end":{"line":58,"column":null}},"13":{"start":{"line":50,"column":21},"end":{"line":50,"column":null}},"14":{"start":{"line":52,"column":8},"end":{"line":56,"column":null}},"15":{"start":{"line":53,"column":10},"end":{"line":55,"column":null}},"16":{"start":{"line":54,"column":12},"end":{"line":54,"column":null}},"17":{"start":{"line":54,"column":22},"end":{"line":54,"column":null}},"18":{"start":{"line":57,"column":8},"end":{"line":57,"column":null}},"19":{"start":{"line":61,"column":4},"end":{"line":61,"column":null}},"20":{"start":{"line":61,"column":17},"end":{"line":61,"column":null}},"21":{"start":{"line":64,"column":25},"end":{"line":66,"column":null}},"22":{"start":{"line":65,"column":4},"end":{"line":65,"column":null}},"23":{"start":{"line":68,"column":2},"end":{"line":70,"column":null}},"24":{"start":{"line":69,"column":4},"end":{"line":69,"column":null}},"25":{"start":{"line":72,"column":21},"end":{"line":86,"column":null}},"26":{"start":{"line":73,"column":4},"end":{"line":73,"column":null}},"27":{"start":{"line":73,"column":22},"end":{"line":73,"column":null}},"28":{"start":{"line":76,"column":22},"end":{"line":76,"column":null}},"29":{"start":{"line":78,"column":4},"end":{"line":78,"column":null}},"30":{"start":{"line":78,"column":24},"end":{"line":78,"column":71}},"31":{"start":{"line":79,"column":4},"end":{"line":79,"column":null}},"32":{"start":{"line":80,"column":4},"end":{"line":80,"column":null}},"33":{"start":{"line":82,"column":21},"end":{"line":82,"column":null}},"34":{"start":{"line":84,"column":4},"end":{"line":84,"column":null}},"35":{"start":{"line":84,"column":24},"end":{"line":84,"column":75}},"36":{"start":{"line":85,"column":4},"end":{"line":85,"column":null}},"37":{"start":{"line":88,"column":2},"end":{"line":234,"column":null}},"38":{"start":{"line":167,"column":14},"end":{"line":167,"column":null}},"39":{"start":{"line":192,"column":18},"end":{"line":198,"column":null}},"40":{"start":{"line":194,"column":35},"end":{"line":194,"column":null}},"41":{"start":{"line":205,"column":33},"end":{"line":205,"column":53}},"42":{"start":{"line":205,"column":53},"end":{"line":205,"column":72}},"43":{"start":{"line":213,"column":33},"end":{"line":213,"column":null}}},"fnMap":{"0":{"name":"(anonymous_0)","decl":{"start":{"line":13,"column":28},"end":{"line":13,"column":34}},"loc":{"start":{"line":14,"column":2},"end":{"line":31,"column":null}},"line":14},"1":{"name":"FanAssistant","decl":{"start":{"line":34,"column":24},"end":{"line":34,"column":39}},"loc":{"start":{"line":34,"column":39},"end":{"line":236,"column":null}},"line":34},"2":{"name":"(anonymous_2)","decl":{"start":{"line":47,"column":2},"end":{"line":47,"column":18}},"loc":{"start":{"line":47,"column":18},"end":{"line":62,"column":5}},"line":47},"3":{"name":"(anonymous_3)","decl":{"start":{"line":48,"column":18},"end":{"line":48,"column":36}},"loc":{"start":{"line":48,"column":36},"end":{"line":59,"column":7}},"line":48},"4":{"name":"(anonymous_4)","decl":{"start":{"line":49,"column":6},"end":{"line":49,"column":21}},"loc":{"start":{"line":49,"column":26},"end":{"line":58,"column":7}},"line":49},"5":{"name":"(anonymous_5)","decl":{"start":{"line":53,"column":38},"end":{"line":53,"column":43}},"loc":{"start":{"line":53,"column":51},"end":{"line":55,"column":11}},"line":53},"6":{"name":"(anonymous_6)","decl":{"start":{"line":61,"column":4},"end":{"line":61,"column":17}},"loc":{"start":{"line":61,"column":17},"end":{"line":61,"column":null}},"line":61},"7":{"name":"(anonymous_7)","decl":{"start":{"line":64,"column":25},"end":{"line":64,"column":43}},"loc":{"start":{"line":64,"column":43},"end":{"line":66,"column":5}},"line":64},"8":{"name":"(anonymous_8)","decl":{"start":{"line":68,"column":2},"end":{"line":68,"column":18}},"loc":{"start":{"line":68,"column":18},"end":{"line":70,"column":5}},"line":68},"9":{"name":"(anonymous_9)","decl":{"start":{"line":72,"column":33},"end":{"line":72,"column":40}},"loc":{"start":{"line":72,"column":49},"end":{"line":86,"column":5}},"line":72},"10":{"name":"(anonymous_10)","decl":{"start":{"line":78,"column":4},"end":{"line":78,"column":16}},"loc":{"start":{"line":78,"column":24},"end":{"line":78,"column":71}},"line":78},"11":{"name":"(anonymous_11)","decl":{"start":{"line":84,"column":4},"end":{"line":84,"column":16}},"loc":{"start":{"line":84,"column":24},"end":{"line":84,"column":75}},"line":84},"12":{"name":"(anonymous_12)","decl":{"start":{"line":166,"column":22},"end":{"line":166,"column":27}},"loc":{"start":{"line":167,"column":14},"end":{"line":167,"column":null}},"line":167},"13":{"name":"(anonymous_13)","decl":{"start":{"line":191,"column":29},"end":{"line":191,"column":34}},"loc":{"start":{"line":192,"column":18},"end":{"line":198,"column":null}},"line":192},"14":{"name":"(anonymous_14)","decl":{"start":{"line":194,"column":20},"end":{"line":194,"column":35}},"loc":{"start":{"line":194,"column":35},"end":{"line":194,"column":null}},"line":194},"15":{"name":"(anonymous_15)","decl":{"start":{"line":205,"column":14},"end":{"line":205,"column":25}},"loc":{"start":{"line":205,"column":31},"end":{"line":205,"column":null}},"line":205},"16":{"name":"(anonymous_16)","decl":{"start":{"line":213,"column":16},"end":{"line":213,"column":27}},"loc":{"start":{"line":213,"column":33},"end":{"line":213,"column":null}},"line":213}},"branchMap":{"0":{"loc":{"start":{"line":14,"column":44},"end":{"line":14,"column":null}},"type":"cond-expr","locations":[{"start":{"line":14,"column":66},"end":{"line":14,"column":87}},{"start":{"line":14,"column":87},"end":{"line":14,"column":null}}],"line":14},"1":{"loc":{"start":{"line":16,"column":6},"end":{"line":18,"column":null}},"type":"cond-expr","locations":[{"start":{"line":17,"column":10},"end":{"line":17,"column":null}},{"start":{"line":18,"column":10},"end":{"line":18,"column":null}}],"line":16},"2":{"loc":{"start":{"line":20,"column":7},"end":{"line":20,"column":null}},"type":"cond-expr","locations":[{"start":{"line":20,"column":29},"end":{"line":20,"column":88}},{"start":{"line":20,"column":87},"end":{"line":20,"column":null}}],"line":20},"3":{"loc":{"start":{"line":24,"column":6},"end":{"line":26,"column":null}},"type":"cond-expr","locations":[{"start":{"line":25,"column":10},"end":{"line":25,"column":null}},{"start":{"line":26,"column":10},"end":{"line":26,"column":null}}],"line":24},"4":{"loc":{"start":{"line":52,"column":8},"end":{"line":56,"column":null}},"type":"if","locations":[{"start":{"line":52,"column":8},"end":{"line":56,"column":null}},{"start":{},"end":{}}],"line":52},"5":{"loc":{"start":{"line":52,"column":12},"end":{"line":52,"column":43}},"type":"binary-expr","locations":[{"start":{"line":52,"column":12},"end":{"line":52,"column":31}},{"start":{"line":52,"column":31},"end":{"line":52,"column":43}}],"line":52},"6":{"loc":{"start":{"line":54,"column":12},"end":{"line":54,"column":null}},"type":"if","locations":[{"start":{"line":54,"column":12},"end":{"line":54,"column":null}},{"start":{},"end":{}}],"line":54},"7":{"loc":{"start":{"line":57,"column":15},"end":{"line":57,"column":null}},"type":"cond-expr","locations":[{"start":{"line":57,"column":28},"end":{"line":57,"column":35}},{"start":{"line":57,"column":35},"end":{"line":57,"column":null}}],"line":57},"8":{"loc":{"start":{"line":73,"column":4},"end":{"line":73,"column":null}},"type":"if","locations":[{"start":{"line":73,"column":4},"end":{"line":73,"column":null}},{"start":{},"end":{}}],"line":73},"9":{"loc":{"start":{"line":153,"column":17},"end":{"line":153,"column":null}},"type":"cond-expr","locations":[{"start":{"line":153,"column":37},"end":{"line":153,"column":57}},{"start":{"line":153,"column":57},"end":{"line":153,"column":null}}],"line":153},"10":{"loc":{"start":{"line":171,"column":13},"end":{"line":181,"column":null}},"type":"binary-expr","locations":[{"start":{"line":171,"column":13},"end":{"line":171,"column":null}},{"start":{"line":172,"column":14},"end":{"line":181,"column":null}}],"line":171},"11":{"loc":{"start":{"line":189,"column":13},"end":{"line":204,"column":13}},"type":"binary-expr","locations":[{"start":{"line":189,"column":13},"end":{"line":189,"column":null}},{"start":{"line":190,"column":14},"end":{"line":204,"column":13}}],"line":189},"12":{"loc":{"start":{"line":219,"column":26},"end":{"line":219,"column":null}},"type":"binary-expr","locations":[{"start":{"line":219,"column":26},"end":{"line":219,"column":43}},{"start":{"line":219,"column":43},"end":{"line":219,"column":null}}],"line":219},"13":{"loc":{"start":{"line":222,"column":18},"end":{"line":224,"column":null}},"type":"cond-expr","locations":[{"start":{"line":223,"column":22},"end":{"line":223,"column":null}},{"start":{"line":224,"column":22},"end":{"line":224,"column":null}}],"line":222},"14":{"loc":{"start":{"line":222,"column":18},"end":{"line":222,"column":null}},"type":"binary-expr","locations":[{"start":{"line":222,"column":18},"end":{"line":222,"column":34}},{"start":{"line":222,"column":34},"end":{"line":222,"column":null}}],"line":222},"15":{"loc":{"start":{"line":227,"column":61},"end":{"line":227,"column":104}},"type":"cond-expr","locations":[{"start":{"line":227,"column":89},"end":{"line":227,"column":100}},{"start":{"line":227,"column":100},"end":{"line":227,"column":104}}],"line":227},"16":{"loc":{"start":{"line":227,"column":61},"end":{"line":227,"column":89}},"type":"binary-expr","locations":[{"start":{"line":227,"column":61},"end":{"line":227,"column":77}},{"start":{"line":227,"column":77},"end":{"line":227,"column":89}}],"line":227}},"s":{"0":1,"1":1,"2":10,"3":1,"4":13,"5":13,"6":13,"7":13,"8":13,"9":13,"10":13,"11":5,"12":0,"13":0,"14":0,"15":0,"16":0,"17":0,"18":0,"19":5,"20":5,"21":13,"22":10,"23":13,"24":10,"25":13,"26":3,"27":0,"28":3,"29":3,"30":3,"31":3,"32":3,"33":3,"34":3,"35":2,"36":3,"37":13,"38":20,"39":24,"40":0,"41":3,"42":3,"43":3},"f":{"0":10,"1":13,"2":5,"3":0,"4":0,"5":0,"6":5,"7":10,"8":10,"9":3,"10":3,"11":2,"12":20,"13":24,"14":0,"15":3,"16":3},"b":{"0":[3,7],"1":[3,7],"2":[3,7],"3":[3,7],"4":[0,0],"5":[0,0],"6":[0,0],"7":[0,0],"8":[0,3],"9":[13,0],"10":[13,3],"11":[13,8],"12":[13,3],"13":[3,10],"14":[13,3],"15":[3,10],"16":[13,3]},"meta":{"lastBranch":17,"lastFunction":17,"lastStatement":44,"seen":{"s:6:20:10:Infinity":0,"s:13:22:31:Infinity":1,"f:13:28:13:34":0,"s:14:2:31:Infinity":2,"b:14:66:14:87:14:87:14:Infinity":0,"b:17:10:17:Infinity:18:10:18:Infinity":1,"b:20:29:20:88:20:87:20:Infinity":2,"b:25:10:25:Infinity:26:10:26:Infinity":3,"s:32:0:32:Infinity":3,"f:34:24:34:39":1,"s:35:34:37:Infinity":4,"s:38:28:38:Infinity":5,"s:39:34:39:Infinity":6,"s:40:40:40:Infinity":7,"s:41:36:43:Infinity":8,"s:44:25:44:Infinity":9,"s:47:2:62:Infinity":10,"f:47:2:47:18":2,"s:48:18:59:Infinity":11,"f:48:18:48:36":3,"s:49:6:58:Infinity":12,"f:49:6:49:21":4,"s:50:21:50:Infinity":13,"b:52:8:56:Infinity:undefined:undefined:undefined:undefined":4,"s:52:8:56:Infinity":14,"b:52:12:52:31:52:31:52:43":5,"s:53:10:55:Infinity":15,"f:53:38:53:43":5,"b:54:12:54:Infinity:undefined:undefined:undefined:undefined":6,"s:54:12:54:Infinity":16,"s:54:22:54:Infinity":17,"s:57:8:57:Infinity":18,"b:57:28:57:35:57:35:57:Infinity":7,"s:61:4:61:Infinity":19,"f:61:4:61:17":6,"s:61:17:61:Infinity":20,"s:64:25:66:Infinity":21,"f:64:25:64:43":7,"s:65:4:65:Infinity":22,"s:68:2:70:Infinity":23,"f:68:2:68:18":8,"s:69:4:69:Infinity":24,"s:72:21:86:Infinity":25,"f:72:33:72:40":9,"b:73:4:73:Infinity:undefined:undefined:undefined:undefined":8,"s:73:4:73:Infinity":26,"s:73:22:73:Infinity":27,"s:76:22:76:Infinity":28,"s:78:4:78:Infinity":29,"f:78:4:78:16":10,"s:78:24:78:71":30,"s:79:4:79:Infinity":31,"s:80:4:80:Infinity":32,"s:82:21:82:Infinity":33,"s:84:4:84:Infinity":34,"f:84:4:84:16":11,"s:84:24:84:75":35,"s:85:4:85:Infinity":36,"s:88:2:234:Infinity":37,"b:153:37:153:57:153:57:153:Infinity":9,"f:166:22:166:27":12,"s:167:14:167:Infinity":38,"b:171:13:171:Infinity:172:14:181:Infinity":10,"b:189:13:189:Infinity:190:14:204:13":11,"f:191:29:191:34":13,"s:192:18:198:Infinity":39,"f:194:20:194:35":14,"s:194:35:194:Infinity":40,"f:205:14:205:25":15,"s:205:33:205:53":41,"s:205:53:205:72":42,"f:213:16:213:27":16,"s:213:33:213:Infinity":43,"b:219:26:219:43:219:43:219:Infinity":12,"b:223:22:223:Infinity:224:22:224:Infinity":13,"b:222:18:222:34:222:34:222:Infinity":14,"b:227:89:227:100:227:100:227:104":15,"b:227:61:227:77:227:77:227:89":16},"fnNames":{}}}
,"C:\\Users\\lenovo\\OneDrive\\Desktop\\fifa\\src\\components\\StaffDashboard.jsx": {"path":"C:\\Users\\lenovo\\OneDrive\\Desktop\\fifa\\src\\components\\StaffDashboard.jsx","statementMap":{"0":{"start":{"line":10,"column":32},"end":{"line":10,"column":null}},"1":{"start":{"line":11,"column":34},"end":{"line":11,"column":null}},"2":{"start":{"line":12,"column":46},"end":{"line":12,"column":null}},"3":{"start":{"line":13,"column":40},"end":{"line":13,"column":null}},"4":{"start":{"line":14,"column":40},"end":{"line":14,"column":null}},"5":{"start":{"line":16,"column":40},"end":{"line":25,"column":null}},"6":{"start":{"line":27,"column":28},"end":{"line":29,"column":null}},"7":{"start":{"line":28,"column":4},"end":{"line":28,"column":null}},"8":{"start":{"line":31,"column":2},"end":{"line":95,"column":null}},"9":{"start":{"line":32,"column":4},"end":{"line":32,"column":null}},"10":{"start":{"line":33,"column":4},"end":{"line":33,"column":null}},"11":{"start":{"line":36,"column":21},"end":{"line":92,"column":null}},"12":{"start":{"line":37,"column":6},"end":{"line":91,"column":null}},"13":{"start":{"line":38,"column":24},"end":{"line":38,"column":null}},"14":{"start":{"line":39,"column":29},"end":{"line":39,"column":null}},"15":{"start":{"line":40,"column":24},"end":{"line":40,"column":null}},"16":{"start":{"line":42,"column":8},"end":{"line":78,"column":null}},"17":{"start":{"line":43,"column":25},"end":{"line":43,"column":null}},"18":{"start":{"line":45,"column":29},"end":{"line":45,"column":null}},"19":{"start":{"line":47,"column":23},"end":{"line":47,"column":null}},"20":{"start":{"line":48,"column":28},"end":{"line":48,"column":null}},"21":{"start":{"line":49,"column":24},"end":{"line":49,"column":null}},"22":{"start":{"line":51,"column":10},"end":{"line":66,"column":null}},"23":{"start":{"line":53,"column":12},"end":{"line":53,"column":null}},"24":{"start":{"line":54,"column":12},"end":{"line":54,"column":null}},"25":{"start":{"line":57,"column":12},"end":{"line":59,"column":null}},"26":{"start":{"line":58,"column":14},"end":{"line":58,"column":null}},"27":{"start":{"line":58,"column":34},"end":{"line":58,"column":60}},"28":{"start":{"line":58,"column":49},"end":{"line":58,"column":59}},"29":{"start":{"line":62,"column":27},"end":{"line":62,"column":null}},"30":{"start":{"line":63,"column":12},"end":{"line":63,"column":null}},"31":{"start":{"line":64,"column":29},"end":{"line":64,"column":null}},"32":{"start":{"line":65,"column":12},"end":{"line":65,"column":null}},"33":{"start":{"line":69,"column":26},"end":{"line":69,"column":null}},"34":{"start":{"line":70,"column":25},"end":{"line":70,"column":null}},"35":{"start":{"line":71,"column":10},"end":{"line":72,"column":null}},"36":{"start":{"line":71,"column":30},"end":{"line":71,"column":51}},"37":{"start":{"line":71,"column":51},"end":{"line":71,"column":73}},"38":{"start":{"line":72,"column":15},"end":{"line":72,"column":null}},"39":{"start":{"line":72,"column":35},"end":{"line":72,"column":55}},"40":{"start":{"line":72,"column":55},"end":{"line":72,"column":77}},"41":{"start":{"line":74,"column":10},"end":{"line":74,"column":null}},"42":{"start":{"line":76,"column":10},"end":{"line":76,"column":null}},"43":{"start":{"line":77,"column":10},"end":{"line":77,"column":null}},"44":{"start":{"line":81,"column":8},"end":{"line":81,"column":null}},"45":{"start":{"line":81,"column":37},"end":{"line":81,"column":73}},"46":{"start":{"line":84,"column":8},"end":{"line":88,"column":null}},"47":{"start":{"line":84,"column":35},"end":{"line":88,"column":10}},"48":{"start":{"line":90,"column":8},"end":{"line":90,"column":null}},"49":{"start":{"line":94,"column":4},"end":{"line":94,"column":null}},"50":{"start":{"line":94,"column":17},"end":{"line":94,"column":null}},"51":{"start":{"line":97,"column":2},"end":{"line":97,"column":null}},"52":{"start":{"line":97,"column":16},"end":{"line":97,"column":null}},"53":{"start":{"line":99,"column":2},"end":{"line":143,"column":null}},"54":{"start":{"line":140,"column":25},"end":{"line":140,"column":null}}},"fnMap":{"0":{"name":"StaffDashboard","decl":{"start":{"line":9,"column":24},"end":{"line":9,"column":41}},"loc":{"start":{"line":9,"column":41},"end":{"line":145,"column":null}},"line":9},"1":{"name":"(anonymous_1)","decl":{"start":{"line":27,"column":28},"end":{"line":27,"column":41}},"loc":{"start":{"line":27,"column":55},"end":{"line":29,"column":5}},"line":27},"2":{"name":"(anonymous_2)","decl":{"start":{"line":31,"column":2},"end":{"line":31,"column":18}},"loc":{"start":{"line":31,"column":18},"end":{"line":95,"column":5}},"line":31},"3":{"name":"(anonymous_3)","decl":{"start":{"line":36,"column":21},"end":{"line":36,"column":39}},"loc":{"start":{"line":36,"column":39},"end":{"line":92,"column":7}},"line":36},"4":{"name":"(anonymous_4)","decl":{"start":{"line":37,"column":6},"end":{"line":37,"column":21}},"loc":{"start":{"line":37,"column":29},"end":{"line":91,"column":7}},"line":37},"5":{"name":"(anonymous_5)","decl":{"start":{"line":42,"column":29},"end":{"line":42,"column":37}},"loc":{"start":{"line":42,"column":44},"end":{"line":78,"column":9}},"line":42},"6":{"name":"(anonymous_6)","decl":{"start":{"line":58,"column":14},"end":{"line":58,"column":29}},"loc":{"start":{"line":58,"column":34},"end":{"line":58,"column":60}},"line":58},"7":{"name":"(anonymous_7)","decl":{"start":{"line":58,"column":36},"end":{"line":58,"column":43}},"loc":{"start":{"line":58,"column":49},"end":{"line":58,"column":59}},"line":58},"8":{"name":"(anonymous_8)","decl":{"start":{"line":81,"column":8},"end":{"line":81,"column":26}},"loc":{"start":{"line":81,"column":37},"end":{"line":81,"column":73}},"line":81},"9":{"name":"(anonymous_9)","decl":{"start":{"line":84,"column":8},"end":{"line":84,"column":19}},"loc":{"start":{"line":84,"column":35},"end":{"line":88,"column":10}},"line":84},"10":{"name":"(anonymous_10)","decl":{"start":{"line":94,"column":4},"end":{"line":94,"column":17}},"loc":{"start":{"line":94,"column":17},"end":{"line":94,"column":null}},"line":94},"11":{"name":"(anonymous_11)","decl":{"start":{"line":140,"column":10},"end":{"line":140,"column":25}},"loc":{"start":{"line":140,"column":25},"end":{"line":140,"column":null}},"line":140}},"branchMap":{"0":{"loc":{"start":{"line":51,"column":10},"end":{"line":66,"column":null}},"type":"if","locations":[{"start":{"line":51,"column":10},"end":{"line":66,"column":null}},{"start":{"line":60,"column":17},"end":{"line":66,"column":null}}],"line":51},"1":{"loc":{"start":{"line":57,"column":12},"end":{"line":59,"column":null}},"type":"if","locations":[{"start":{"line":57,"column":12},"end":{"line":59,"column":null}},{"start":{},"end":{}}],"line":57},"2":{"loc":{"start":{"line":57,"column":16},"end":{"line":57,"column":44}},"type":"binary-expr","locations":[{"start":{"line":57,"column":16},"end":{"line":57,"column":31}},{"start":{"line":57,"column":31},"end":{"line":57,"column":44}}],"line":57},"3":{"loc":{"start":{"line":65,"column":49},"end":{"line":65,"column":97}},"type":"cond-expr","locations":[{"start":{"line":65,"column":63},"end":{"line":65,"column":86}},{"start":{"line":65,"column":86},"end":{"line":65,"column":97}}],"line":65},"4":{"loc":{"start":{"line":71,"column":10},"end":{"line":72,"column":null}},"type":"if","locations":[{"start":{"line":71,"column":10},"end":{"line":72,"column":null}},{"start":{"line":72,"column":15},"end":{"line":72,"column":null}}],"line":71},"5":{"loc":{"start":{"line":72,"column":15},"end":{"line":72,"column":null}},"type":"if","locations":[{"start":{"line":72,"column":15},"end":{"line":72,"column":null}},{"start":{},"end":{}}],"line":72},"6":{"loc":{"start":{"line":81,"column":37},"end":{"line":81,"column":73}},"type":"cond-expr","locations":[{"start":{"line":81,"column":47},"end":{"line":81,"column":69}},{"start":{"line":81,"column":69},"end":{"line":81,"column":73}}],"line":81},"7":{"loc":{"start":{"line":97,"column":2},"end":{"line":97,"column":null}},"type":"if","locations":[{"start":{"line":97,"column":2},"end":{"line":97,"column":null}},{"start":{},"end":{}}],"line":97},"8":{"loc":{"start":{"line":137,"column":7},"end":{"line":141,"column":null}},"type":"binary-expr","locations":[{"start":{"line":137,"column":7},"end":{"line":137,"column":22}},{"start":{"line":137,"column":22},"end":{"line":137,"column":null}},{"start":{"line":138,"column":8},"end":{"line":141,"column":null}}],"line":137}},"s":{"0":14,"1":14,"2":14,"3":14,"4":14,"5":14,"6":14,"7":2,"8":14,"9":4,"10":4,"11":4,"12":4,"13":4,"14":4,"15":4,"16":4,"17":32,"18":32,"19":32,"20":32,"21":32,"22":32,"23":0,"24":0,"25":0,"26":0,"27":0,"28":0,"29":32,"30":32,"31":32,"32":32,"33":32,"34":32,"35":32,"36":9,"37":9,"38":23,"39":5,"40":5,"41":32,"42":32,"43":32,"44":4,"45":4,"46":4,"47":4,"48":4,"49":4,"50":4,"51":14,"52":4,"53":10,"54":1},"f":{"0":14,"1":2,"2":4,"3":4,"4":4,"5":32,"6":0,"7":0,"8":4,"9":4,"10":4,"11":1},"b":{"0":[0,32],"1":[0,0],"2":[0,0],"3":[12,20],"4":[9,23],"5":[5,18],"6":[0,4],"7":[4,10],"8":[10,1,1]},"meta":{"lastBranch":9,"lastFunction":12,"lastStatement":55,"seen":{"f:9:24:9:41":0,"s:10:32:10:Infinity":0,"s:11:34:11:Infinity":1,"s:12:46:12:Infinity":2,"s:13:40:13:Infinity":3,"s:14:40:14:Infinity":4,"s:16:40:25:Infinity":5,"s:27:28:29:Infinity":6,"f:27:28:27:41":1,"s:28:4:28:Infinity":7,"s:31:2:95:Infinity":8,"f:31:2:31:18":2,"s:32:4:32:Infinity":9,"s:33:4:33:Infinity":10,"s:36:21:92:Infinity":11,"f:36:21:36:39":3,"s:37:6:91:Infinity":12,"f:37:6:37:21":4,"s:38:24:38:Infinity":13,"s:39:29:39:Infinity":14,"s:40:24:40:Infinity":15,"s:42:8:78:Infinity":16,"f:42:29:42:37":5,"s:43:25:43:Infinity":17,"s:45:29:45:Infinity":18,"s:47:23:47:Infinity":19,"s:48:28:48:Infinity":20,"s:49:24:49:Infinity":21,"b:51:10:66:Infinity:60:17:66:Infinity":0,"s:51:10:66:Infinity":22,"s:53:12:53:Infinity":23,"s:54:12:54:Infinity":24,"b:57:12:59:Infinity:undefined:undefined:undefined:undefined":1,"s:57:12:59:Infinity":25,"b:57:16:57:31:57:31:57:44":2,"s:58:14:58:Infinity":26,"f:58:14:58:29":6,"s:58:34:58:60":27,"f:58:36:58:43":7,"s:58:49:58:59":28,"s:62:27:62:Infinity":29,"s:63:12:63:Infinity":30,"s:64:29:64:Infinity":31,"s:65:12:65:Infinity":32,"b:65:63:65:86:65:86:65:97":3,"s:69:26:69:Infinity":33,"s:70:25:70:Infinity":34,"b:71:10:72:Infinity:72:15:72:Infinity":4,"s:71:10:72:Infinity":35,"s:71:30:71:51":36,"s:71:51:71:73":37,"b:72:15:72:Infinity:undefined:undefined:undefined:undefined":5,"s:72:15:72:Infinity":38,"s:72:35:72:55":39,"s:72:55:72:77":40,"s:74:10:74:Infinity":41,"s:76:10:76:Infinity":42,"s:77:10:77:Infinity":43,"s:81:8:81:Infinity":44,"f:81:8:81:26":8,"s:81:37:81:73":45,"b:81:47:81:69:81:69:81:73":6,"s:84:8:88:Infinity":46,"f:84:8:84:19":9,"s:84:35:88:10":47,"s:90:8:90:Infinity":48,"s:94:4:94:Infinity":49,"f:94:4:94:17":10,"s:94:17:94:Infinity":50,"b:97:2:97:Infinity:undefined:undefined:undefined:undefined":7,"s:97:2:97:Infinity":51,"s:97:16:97:Infinity":52,"s:99:2:143:Infinity":53,"b:137:7:137:22:137:22:137:Infinity:138:8:141:Infinity":8,"f:140:10:140:25":11,"s:140:25:140:Infinity":54},"fnNames":{}}}
,"C:\\Users\\lenovo\\OneDrive\\Desktop\\fifa\\src\\components\\StaffLogin.jsx": {"path":"C:\\Users\\lenovo\\OneDrive\\Desktop\\fifa\\src\\components\\StaffLogin.jsx","statementMap":{"0":{"start":{"line":7,"column":34},"end":{"line":7,"column":null}},"1":{"start":{"line":8,"column":34},"end":{"line":8,"column":null}},"2":{"start":{"line":9,"column":28},"end":{"line":9,"column":null}},"3":{"start":{"line":10,"column":36},"end":{"line":10,"column":null}},"4":{"start":{"line":12,"column":23},"end":{"line":27,"column":null}},"5":{"start":{"line":13,"column":4},"end":{"line":13,"column":null}},"6":{"start":{"line":14,"column":4},"end":{"line":14,"column":null}},"7":{"start":{"line":15,"column":4},"end":{"line":15,"column":null}},"8":{"start":{"line":17,"column":4},"end":{"line":26,"column":null}},"9":{"start":{"line":18,"column":23},"end":{"line":18,"column":null}},"10":{"start":{"line":19,"column":6},"end":{"line":21,"column":null}},"11":{"start":{"line":20,"column":8},"end":{"line":20,"column":null}},"12":{"start":{"line":23,"column":6},"end":{"line":23,"column":null}},"13":{"start":{"line":25,"column":6},"end":{"line":25,"column":null}},"14":{"start":{"line":29,"column":2},"end":{"line":97,"column":null}},"15":{"start":{"line":54,"column":31},"end":{"line":54,"column":null}},"16":{"start":{"line":69,"column":31},"end":{"line":69,"column":null}},"17":{"start":{"line":101,"column":0},"end":{"line":103,"column":null}}},"fnMap":{"0":{"name":"StaffLogin","decl":{"start":{"line":6,"column":24},"end":{"line":6,"column":35}},"loc":{"start":{"line":6,"column":48},"end":{"line":99,"column":null}},"line":6},"1":{"name":"(anonymous_1)","decl":{"start":{"line":12,"column":23},"end":{"line":12,"column":30}},"loc":{"start":{"line":12,"column":36},"end":{"line":27,"column":null}},"line":12},"2":{"name":"(anonymous_2)","decl":{"start":{"line":54,"column":14},"end":{"line":54,"column":25}},"loc":{"start":{"line":54,"column":31},"end":{"line":54,"column":null}},"line":54},"3":{"name":"(anonymous_3)","decl":{"start":{"line":69,"column":14},"end":{"line":69,"column":25}},"loc":{"start":{"line":69,"column":31},"end":{"line":69,"column":null}},"line":69}},"branchMap":{"0":{"loc":{"start":{"line":19,"column":6},"end":{"line":21,"column":null}},"type":"if","locations":[{"start":{"line":19,"column":6},"end":{"line":21,"column":null}},{"start":{},"end":{}}],"line":19},"1":{"loc":{"start":{"line":19,"column":10},"end":{"line":19,"column":38}},"type":"binary-expr","locations":[{"start":{"line":19,"column":10},"end":{"line":19,"column":22}},{"start":{"line":19,"column":22},"end":{"line":19,"column":38}}],"line":19},"2":{"loc":{"start":{"line":23,"column":15},"end":{"line":23,"column":52}},"type":"binary-expr","locations":[{"start":{"line":23,"column":15},"end":{"line":23,"column":30}},{"start":{"line":23,"column":30},"end":{"line":23,"column":52}}],"line":23},"3":{"loc":{"start":{"line":56,"column":28},"end":{"line":56,"column":null}},"type":"cond-expr","locations":[{"start":{"line":56,"column":36},"end":{"line":56,"column":45}},{"start":{"line":56,"column":45},"end":{"line":56,"column":null}}],"line":56},"4":{"loc":{"start":{"line":71,"column":28},"end":{"line":71,"column":null}},"type":"cond-expr","locations":[{"start":{"line":71,"column":36},"end":{"line":71,"column":45}},{"start":{"line":71,"column":45},"end":{"line":71,"column":null}}],"line":71},"5":{"loc":{"start":{"line":77,"column":13},"end":{"line":77,"column":null}},"type":"binary-expr","locations":[{"start":{"line":77,"column":13},"end":{"line":77,"column":22}},{"start":{"line":77,"column":22},"end":{"line":77,"column":null}}],"line":77},"6":{"loc":{"start":{"line":82,"column":22},"end":{"line":82,"column":null}},"type":"binary-expr","locations":[{"start":{"line":82,"column":22},"end":{"line":82,"column":35}},{"start":{"line":82,"column":35},"end":{"line":82,"column":48}},{"start":{"line":82,"column":48},"end":{"line":82,"column":null}}],"line":82},"7":{"loc":{"start":{"line":85,"column":13},"end":{"line":92,"column":null}},"type":"cond-expr","locations":[{"start":{"line":86,"column":14},"end":{"line":90,"column":16}},{"start":{"line":90,"column":14},"end":{"line":92,"column":null}}],"line":85}},"s":{"0":11,"1":11,"2":11,"3":11,"4":11,"5":2,"6":2,"7":2,"8":2,"9":2,"10":1,"11":1,"12":1,"13":2,"14":11,"15":2,"16":2,"17":1},"f":{"0":11,"1":2,"2":2,"3":2},"b":{"0":[1,0],"1":[1,1],"2":[1,0],"3":[1,10],"4":[1,10],"5":[11,1],"6":[11,9,6],"7":[2,9]},"meta":{"lastBranch":8,"lastFunction":4,"lastStatement":18,"seen":{"f:6:24:6:35":0,"s:7:34:7:Infinity":0,"s:8:34:8:Infinity":1,"s:9:28:9:Infinity":2,"s:10:36:10:Infinity":3,"s:12:23:27:Infinity":4,"f:12:23:12:30":1,"s:13:4:13:Infinity":5,"s:14:4:14:Infinity":6,"s:15:4:15:Infinity":7,"s:17:4:26:Infinity":8,"s:18:23:18:Infinity":9,"b:19:6:21:Infinity:undefined:undefined:undefined:undefined":0,"s:19:6:21:Infinity":10,"b:19:10:19:22:19:22:19:38":1,"s:20:8:20:Infinity":11,"s:23:6:23:Infinity":12,"b:23:15:23:30:23:30:23:52":2,"s:25:6:25:Infinity":13,"s:29:2:97:Infinity":14,"f:54:14:54:25":2,"s:54:31:54:Infinity":15,"b:56:36:56:45:56:45:56:Infinity":3,"f:69:14:69:25":3,"s:69:31:69:Infinity":16,"b:71:36:71:45:71:45:71:Infinity":4,"b:77:13:77:22:77:22:77:Infinity":5,"b:82:22:82:35:82:35:82:48:82:48:82:Infinity":6,"b:86:14:90:16:90:14:92:Infinity":7,"s:101:0:103:Infinity":17},"fnNames":{}}}
,"C:\\Users\\lenovo\\OneDrive\\Desktop\\fifa\\src\\components\\dashboard\\CameraModal.jsx": {"path":"C:\\Users\\lenovo\\OneDrive\\Desktop\\fifa\\src\\components\\dashboard\\CameraModal.jsx","statementMap":{"0":{"start":{"line":4,"column":6},"end":{"line":71,"column":null}},"1":{"start":{"line":5,"column":19},"end":{"line":5,"column":null}},"2":{"start":{"line":8,"column":2},"end":{"line":20,"column":null}},"3":{"start":{"line":9,"column":10},"end":{"line":11,"column":null}},"4":{"start":{"line":10,"column":6},"end":{"line":10,"column":null}},"5":{"start":{"line":10,"column":30},"end":{"line":10,"column":null}},"6":{"start":{"line":14,"column":4},"end":{"line":16,"column":null}},"7":{"start":{"line":15,"column":6},"end":{"line":15,"column":null}},"8":{"start":{"line":18,"column":4},"end":{"line":18,"column":null}},"9":{"start":{"line":19,"column":4},"end":{"line":19,"column":null}},"10":{"start":{"line":19,"column":17},"end":{"line":19,"column":null}},"11":{"start":{"line":22,"column":2},"end":{"line":22,"column":null}},"12":{"start":{"line":22,"column":23},"end":{"line":22,"column":null}},"13":{"start":{"line":24,"column":2},"end":{"line":69,"column":null}},"14":{"start":{"line":36,"column":24},"end":{"line":36,"column":null}},"15":{"start":{"line":54,"column":12},"end":{"line":65,"column":null}},"16":{"start":{"line":73,"column":0},"end":{"line":78,"column":null}}},"fnMap":{"0":{"name":"(anonymous_0)","decl":{"start":{"line":4,"column":6},"end":{"line":4,"column":21}},"loc":{"start":{"line":4,"column":53},"end":{"line":71,"column":null}},"line":4},"1":{"name":"(anonymous_1)","decl":{"start":{"line":8,"column":2},"end":{"line":8,"column":18}},"loc":{"start":{"line":8,"column":18},"end":{"line":20,"column":5}},"line":8},"2":{"name":"(anonymous_2)","decl":{"start":{"line":9,"column":10},"end":{"line":9,"column":27}},"loc":{"start":{"line":9,"column":33},"end":{"line":11,"column":null}},"line":9},"3":{"name":"(anonymous_3)","decl":{"start":{"line":19,"column":4},"end":{"line":19,"column":17}},"loc":{"start":{"line":19,"column":17},"end":{"line":19,"column":null}},"line":19},"4":{"name":"(anonymous_4)","decl":{"start":{"line":36,"column":8},"end":{"line":36,"column":18}},"loc":{"start":{"line":36,"column":24},"end":{"line":36,"column":null}},"line":36},"5":{"name":"(anonymous_5)","decl":{"start":{"line":53,"column":24},"end":{"line":53,"column":29}},"loc":{"start":{"line":54,"column":12},"end":{"line":65,"column":null}},"line":54}},"branchMap":{"0":{"loc":{"start":{"line":10,"column":6},"end":{"line":10,"column":null}},"type":"if","locations":[{"start":{"line":10,"column":6},"end":{"line":10,"column":null}},{"start":{},"end":{}}],"line":10},"1":{"loc":{"start":{"line":14,"column":4},"end":{"line":16,"column":null}},"type":"if","locations":[{"start":{"line":14,"column":4},"end":{"line":16,"column":null}},{"start":{},"end":{}}],"line":14},"2":{"loc":{"start":{"line":22,"column":2},"end":{"line":22,"column":null}},"type":"if","locations":[{"start":{"line":22,"column":2},"end":{"line":22,"column":null}},{"start":{},"end":{}}],"line":22}},"s":{"0":1,"1":1,"2":1,"3":1,"4":0,"5":0,"6":1,"7":1,"8":1,"9":1,"10":1,"11":1,"12":0,"13":1,"14":1,"15":4,"16":1},"f":{"0":1,"1":1,"2":0,"3":1,"4":1,"5":4},"b":{"0":[0,0],"1":[1,0],"2":[0,1]},"meta":{"lastBranch":3,"lastFunction":6,"lastStatement":17,"seen":{"s:4:6:71:Infinity":0,"f:4:6:4:21":0,"s:5:19:5:Infinity":1,"s:8:2:20:Infinity":2,"f:8:2:8:18":1,"s:9:10:11:Infinity":3,"f:9:10:9:27":2,"b:10:6:10:Infinity:undefined:undefined:undefined:undefined":0,"s:10:6:10:Infinity":4,"s:10:30:10:Infinity":5,"b:14:4:16:Infinity:undefined:undefined:undefined:undefined":1,"s:14:4:16:Infinity":6,"s:15:6:15:Infinity":7,"s:18:4:18:Infinity":8,"s:19:4:19:Infinity":9,"f:19:4:19:17":3,"s:19:17:19:Infinity":10,"b:22:2:22:Infinity:undefined:undefined:undefined:undefined":2,"s:22:2:22:Infinity":11,"s:22:23:22:Infinity":12,"s:24:2:69:Infinity":13,"f:36:8:36:18":4,"s:36:24:36:Infinity":14,"f:53:24:53:29":5,"s:54:12:65:Infinity":15,"s:73:0:78:Infinity":16},"fnNames":{}}}
,"C:\\Users\\lenovo\\OneDrive\\Desktop\\fifa\\src\\components\\dashboard\\InsightPanel.jsx": {"path":"C:\\Users\\lenovo\\OneDrive\\Desktop\\fifa\\src\\components\\dashboard\\InsightPanel.jsx","statementMap":{"0":{"start":{"line":5,"column":6},"end":{"line":65,"column":null}},"1":{"start":{"line":6,"column":2},"end":{"line":63,"column":null}},"2":{"start":{"line":25,"column":12},"end":{"line":59,"column":null}},"3":{"start":{"line":67,"column":0},"end":{"line":77,"column":null}}},"fnMap":{"0":{"name":"(anonymous_0)","decl":{"start":{"line":5,"column":6},"end":{"line":5,"column":22}},"loc":{"start":{"line":5,"column":39},"end":{"line":65,"column":null}},"line":5},"1":{"name":"(anonymous_1)","decl":{"start":{"line":24,"column":20},"end":{"line":24,"column":24}},"loc":{"start":{"line":25,"column":12},"end":{"line":59,"column":null}},"line":25}},"branchMap":{"0":{"loc":{"start":{"line":28,"column":18},"end":{"line":30,"column":null}},"type":"cond-expr","locations":[{"start":{"line":28,"column":47},"end":{"line":28,"column":null}},{"start":{"line":29,"column":18},"end":{"line":30,"column":null}}],"line":28},"1":{"loc":{"start":{"line":29,"column":18},"end":{"line":30,"column":null}},"type":"cond-expr","locations":[{"start":{"line":29,"column":44},"end":{"line":29,"column":null}},{"start":{"line":30,"column":18},"end":{"line":30,"column":null}}],"line":29},"2":{"loc":{"start":{"line":33,"column":18},"end":{"line":35,"column":37}},"type":"cond-expr","locations":[{"start":{"line":33,"column":47},"end":{"line":33,"column":null}},{"start":{"line":34,"column":18},"end":{"line":35,"column":37}}],"line":33},"3":{"loc":{"start":{"line":34,"column":18},"end":{"line":35,"column":37}},"type":"cond-expr","locations":[{"start":{"line":34,"column":44},"end":{"line":34,"column":null}},{"start":{"line":35,"column":18},"end":{"line":35,"column":37}}],"line":34}},"s":{"0":1,"1":4,"2":12,"3":1},"f":{"0":4,"1":12},"b":{"0":[4,8],"1":[4,4],"2":[4,8],"3":[4,4]},"meta":{"lastBranch":4,"lastFunction":2,"lastStatement":4,"seen":{"s:5:6:65:Infinity":0,"f:5:6:5:22":0,"s:6:2:63:Infinity":1,"f:24:20:24:24":1,"s:25:12:59:Infinity":2,"b:28:47:28:Infinity:29:18:30:Infinity":0,"b:29:44:29:Infinity:30:18:30:Infinity":1,"b:33:47:33:Infinity:34:18:35:37":2,"b:34:44:34:Infinity:35:18:35:37":3,"s:67:0:77:Infinity":3},"fnNames":{}}}
,"C:\\Users\\lenovo\\OneDrive\\Desktop\\fifa\\src\\components\\dashboard\\MetricsCards.jsx": {"path":"C:\\Users\\lenovo\\OneDrive\\Desktop\\fifa\\src\\components\\dashboard\\MetricsCards.jsx","statementMap":{"0":{"start":{"line":5,"column":6},"end":{"line":33,"column":null}},"1":{"start":{"line":6,"column":16},"end":{"line":11,"column":null}},"2":{"start":{"line":13,"column":2},"end":{"line":31,"column":null}},"3":{"start":{"line":16,"column":8},"end":{"line":29,"column":null}},"4":{"start":{"line":35,"column":0},"end":{"line":42,"column":null}}},"fnMap":{"0":{"name":"(anonymous_0)","decl":{"start":{"line":5,"column":6},"end":{"line":5,"column":22}},"loc":{"start":{"line":5,"column":38},"end":{"line":33,"column":null}},"line":5},"1":{"name":"(anonymous_1)","decl":{"start":{"line":15,"column":13},"end":{"line":15,"column":18}},"loc":{"start":{"line":16,"column":8},"end":{"line":29,"column":null}},"line":16}},"branchMap":{},"s":{"0":1,"1":5,"2":5,"3":20,"4":1},"f":{"0":5,"1":20},"b":{},"meta":{"lastBranch":0,"lastFunction":2,"lastStatement":5,"seen":{"s:5:6:33:Infinity":0,"f:5:6:5:22":0,"s:6:16:11:Infinity":1,"s:13:2:31:Infinity":2,"f:15:13:15:18":1,"s:16:8:29:Infinity":3,"s:35:0:42:Infinity":4},"fnNames":{}}}
,"C:\\Users\\lenovo\\OneDrive\\Desktop\\fifa\\src\\components\\dashboard\\SectorDetails.jsx": {"path":"C:\\Users\\lenovo\\OneDrive\\Desktop\\fifa\\src\\components\\dashboard\\SectorDetails.jsx","statementMap":{"0":{"start":{"line":4,"column":6},"end":{"line":70,"column":null}},"1":{"start":{"line":5,"column":2},"end":{"line":5,"column":null}},"2":{"start":{"line":5,"column":23},"end":{"line":5,"column":null}},"3":{"start":{"line":7,"column":2},"end":{"line":68,"column":null}},"4":{"start":{"line":18,"column":25},"end":{"line":18,"column":null}},"5":{"start":{"line":46,"column":12},"end":{"line":48,"column":null}},"6":{"start":{"line":47,"column":14},"end":{"line":47,"column":null}},"7":{"start":{"line":47,"column":34},"end":{"line":47,"column":59}},"8":{"start":{"line":61,"column":25},"end":{"line":61,"column":null}},"9":{"start":{"line":72,"column":0},"end":{"line":86,"column":null}}},"fnMap":{"0":{"name":"(anonymous_0)","decl":{"start":{"line":4,"column":6},"end":{"line":4,"column":23}},"loc":{"start":{"line":4,"column":110},"end":{"line":70,"column":null}},"line":4},"1":{"name":"(anonymous_1)","decl":{"start":{"line":18,"column":10},"end":{"line":18,"column":25}},"loc":{"start":{"line":18,"column":25},"end":{"line":18,"column":null}},"line":18},"2":{"name":"(anonymous_2)","decl":{"start":{"line":45,"column":10},"end":{"line":45,"column":25}},"loc":{"start":{"line":45,"column":25},"end":{"line":49,"column":null}},"line":45},"3":{"name":"(anonymous_3)","decl":{"start":{"line":47,"column":14},"end":{"line":47,"column":29}},"loc":{"start":{"line":47,"column":34},"end":{"line":47,"column":59}},"line":47},"4":{"name":"(anonymous_4)","decl":{"start":{"line":61,"column":10},"end":{"line":61,"column":25}},"loc":{"start":{"line":61,"column":25},"end":{"line":61,"column":null}},"line":61}},"branchMap":{"0":{"loc":{"start":{"line":5,"column":2},"end":{"line":5,"column":null}},"type":"if","locations":[{"start":{"line":5,"column":2},"end":{"line":5,"column":null}},{"start":{},"end":{}}],"line":5},"1":{"loc":{"start":{"line":46,"column":12},"end":{"line":48,"column":null}},"type":"if","locations":[{"start":{"line":46,"column":12},"end":{"line":48,"column":null}},{"start":{},"end":{}}],"line":46},"2":{"loc":{"start":{"line":51,"column":22},"end":{"line":51,"column":null}},"type":"cond-expr","locations":[{"start":{"line":51,"column":64},"end":{"line":51,"column":116}},{"start":{"line":51,"column":116},"end":{"line":51,"column":null}}],"line":51},"3":{"loc":{"start":{"line":53,"column":12},"end":{"line":55,"column":null}},"type":"cond-expr","locations":[{"start":{"line":54,"column":16},"end":{"line":54,"column":null}},{"start":{"line":55,"column":16},"end":{"line":55,"column":null}}],"line":53},"4":{"loc":{"start":{"line":58,"column":11},"end":{"line":58,"column":null}},"type":"cond-expr","locations":[{"start":{"line":58,"column":53},"end":{"line":58,"column":69}},{"start":{"line":58,"column":69},"end":{"line":58,"column":null}}],"line":58}},"s":{"0":1,"1":6,"2":4,"3":2,"4":0,"5":0,"6":0,"7":0,"8":1,"9":1},"f":{"0":6,"1":0,"2":0,"3":0,"4":1},"b":{"0":[4,2],"1":[0,0],"2":[0,2],"3":[0,2],"4":[0,2]},"meta":{"lastBranch":5,"lastFunction":5,"lastStatement":10,"seen":{"s:4:6:70:Infinity":0,"f:4:6:4:23":0,"b:5:2:5:Infinity:undefined:undefined:undefined:undefined":0,"s:5:2:5:Infinity":1,"s:5:23:5:Infinity":2,"s:7:2:68:Infinity":3,"f:18:10:18:25":1,"s:18:25:18:Infinity":4,"f:45:10:45:25":2,"b:46:12:48:Infinity:undefined:undefined:undefined:undefined":1,"s:46:12:48:Infinity":5,"s:47:14:47:Infinity":6,"f:47:14:47:29":3,"s:47:34:47:59":7,"b:51:64:51:116:51:116:51:Infinity":2,"b:54:16:54:Infinity:55:16:55:Infinity":3,"b:58:53:58:69:58:69:58:Infinity":4,"f:61:10:61:25":4,"s:61:25:61:Infinity":8,"s:72:0:86:Infinity":9},"fnNames":{}}}
,"C:\\Users\\lenovo\\OneDrive\\Desktop\\fifa\\src\\components\\dashboard\\StadiumMap.jsx": {"path":"C:\\Users\\lenovo\\OneDrive\\Desktop\\fifa\\src\\components\\dashboard\\StadiumMap.jsx","statementMap":{"0":{"start":{"line":4,"column":6},"end":{"line":101,"column":null}},"1":{"start":{"line":6,"column":8},"end":{"line":18,"column":null}},"2":{"start":{"line":7,"column":19},"end":{"line":7,"column":null}},"3":{"start":{"line":8,"column":23},"end":{"line":8,"column":null}},"4":{"start":{"line":9,"column":4},"end":{"line":17,"column":null}},"5":{"start":{"line":10,"column":21},"end":{"line":10,"column":null}},"6":{"start":{"line":11,"column":26},"end":{"line":11,"column":120}},"7":{"start":{"line":11,"column":68},"end":{"line":11,"column":88}},"8":{"start":{"line":11,"column":88},"end":{"line":11,"column":118}},"9":{"start":{"line":20,"column":2},"end":{"line":99,"column":null}},"10":{"start":{"line":103,"column":0},"end":{"line":107,"column":null}}},"fnMap":{"0":{"name":"(anonymous_0)","decl":{"start":{"line":4,"column":6},"end":{"line":4,"column":20}},"loc":{"start":{"line":4,"column":75},"end":{"line":101,"column":null}},"line":4},"1":{"name":"(anonymous_1)","decl":{"start":{"line":6,"column":8},"end":{"line":6,"column":26}},"loc":{"start":{"line":6,"column":40},"end":{"line":18,"column":null}},"line":6},"2":{"name":"(anonymous_2)","decl":{"start":{"line":10,"column":6},"end":{"line":10,"column":21}},"loc":{"start":{"line":10,"column":21},"end":{"line":10,"column":null}},"line":10},"3":{"name":"(anonymous_3)","decl":{"start":{"line":11,"column":6},"end":{"line":11,"column":18}},"loc":{"start":{"line":11,"column":24},"end":{"line":11,"column":null}},"line":11}},"branchMap":{"0":{"loc":{"start":{"line":11,"column":26},"end":{"line":11,"column":120}},"type":"if","locations":[{"start":{"line":11,"column":26},"end":{"line":11,"column":120}},{"start":{},"end":{}}],"line":11},"1":{"loc":{"start":{"line":11,"column":30},"end":{"line":11,"column":66}},"type":"binary-expr","locations":[{"start":{"line":11,"column":30},"end":{"line":11,"column":51}},{"start":{"line":11,"column":51},"end":{"line":11,"column":66}}],"line":11},"2":{"loc":{"start":{"line":16,"column":211},"end":{"line":16,"column":null}},"type":"cond-expr","locations":[{"start":{"line":16,"column":224},"end":{"line":16,"column":249}},{"start":{"line":16,"column":249},"end":{"line":16,"column":null}}],"line":16},"3":{"loc":{"start":{"line":52,"column":56},"end":{"line":52,"column":null}},"type":"cond-expr","locations":[{"start":{"line":52,"column":89},"end":{"line":52,"column":97}},{"start":{"line":52,"column":97},"end":{"line":52,"column":null}}],"line":52},"4":{"loc":{"start":{"line":53,"column":78},"end":{"line":53,"column":123}},"type":"cond-expr","locations":[{"start":{"line":53,"column":111},"end":{"line":53,"column":117}},{"start":{"line":53,"column":117},"end":{"line":53,"column":123}}],"line":53},"5":{"loc":{"start":{"line":60,"column":56},"end":{"line":60,"column":null}},"type":"cond-expr","locations":[{"start":{"line":60,"column":89},"end":{"line":60,"column":97}},{"start":{"line":60,"column":97},"end":{"line":60,"column":null}}],"line":60},"6":{"loc":{"start":{"line":61,"column":78},"end":{"line":61,"column":123}},"type":"cond-expr","locations":[{"start":{"line":61,"column":111},"end":{"line":61,"column":117}},{"start":{"line":61,"column":117},"end":{"line":61,"column":123}}],"line":61},"7":{"loc":{"start":{"line":68,"column":55},"end":{"line":68,"column":null}},"type":"cond-expr","locations":[{"start":{"line":68,"column":87},"end":{"line":68,"column":95}},{"start":{"line":68,"column":95},"end":{"line":68,"column":null}}],"line":68},"8":{"loc":{"start":{"line":69,"column":77},"end":{"line":69,"column":121}},"type":"cond-expr","locations":[{"start":{"line":69,"column":109},"end":{"line":69,"column":115}},{"start":{"line":69,"column":115},"end":{"line":69,"column":121}}],"line":69},"9":{"loc":{"start":{"line":76,"column":55},"end":{"line":76,"column":null}},"type":"cond-expr","locations":[{"start":{"line":76,"column":87},"end":{"line":76,"column":95}},{"start":{"line":76,"column":95},"end":{"line":76,"column":null}}],"line":76},"10":{"loc":{"start":{"line":77,"column":77},"end":{"line":77,"column":121}},"type":"cond-expr","locations":[{"start":{"line":77,"column":109},"end":{"line":77,"column":115}},{"start":{"line":77,"column":115},"end":{"line":77,"column":121}}],"line":77},"11":{"loc":{"start":{"line":83,"column":96},"end":{"line":83,"column":138}},"type":"cond-expr","locations":[{"start":{"line":83,"column":126},"end":{"line":83,"column":132}},{"start":{"line":83,"column":132},"end":{"line":83,"column":138}}],"line":83},"12":{"loc":{"start":{"line":87,"column":96},"end":{"line":87,"column":138}},"type":"cond-expr","locations":[{"start":{"line":87,"column":126},"end":{"line":87,"column":132}},{"start":{"line":87,"column":132},"end":{"line":87,"column":138}}],"line":87},"13":{"loc":{"start":{"line":91,"column":127},"end":{"line":91,"column":168}},"type":"cond-expr","locations":[{"start":{"line":91,"column":157},"end":{"line":91,"column":163}},{"start":{"line":91,"column":163},"end":{"line":91,"column":168}}],"line":91},"14":{"loc":{"start":{"line":95,"column":96},"end":{"line":95,"column":138}},"type":"cond-expr","locations":[{"start":{"line":95,"column":126},"end":{"line":95,"column":132}},{"start":{"line":95,"column":132},"end":{"line":95,"column":138}}],"line":95}},"s":{"0":2,"1":10,"2":80,"3":80,"4":80,"5":3,"6":1,"7":1,"8":1,"9":10,"10":2},"f":{"0":10,"1":80,"2":3,"3":1},"b":{"0":[1,0],"1":[1,0],"2":[3,77],"3":[3,7],"4":[3,7],"5":[0,10],"6":[0,10],"7":[0,10],"8":[0,10],"9":[0,10],"10":[0,10],"11":[0,10],"12":[0,10],"13":[0,10],"14":[0,10]},"meta":{"lastBranch":15,"lastFunction":4,"lastStatement":11,"seen":{"s:4:6:101:Infinity":0,"f:4:6:4:20":0,"s:6:8:18:Infinity":1,"f:6:8:6:26":1,"s:7:19:7:Infinity":2,"s:8:23:8:Infinity":3,"s:9:4:17:Infinity":4,"f:10:6:10:21":2,"s:10:21:10:Infinity":5,"f:11:6:11:18":3,"b:11:26:11:120:undefined:undefined:undefined:undefined":0,"s:11:26:11:120":6,"b:11:30:11:51:11:51:11:66":1,"s:11:68:11:88":7,"s:11:88:11:118":8,"b:16:224:16:249:16:249:16:Infinity":2,"s:20:2:99:Infinity":9,"b:52:89:52:97:52:97:52:Infinity":3,"b:53:111:53:117:53:117:53:123":4,"b:60:89:60:97:60:97:60:Infinity":5,"b:61:111:61:117:61:117:61:123":6,"b:68:87:68:95:68:95:68:Infinity":7,"b:69:109:69:115:69:115:69:121":8,"b:76:87:76:95:76:95:76:Infinity":9,"b:77:109:77:115:77:115:77:121":10,"b:83:126:83:132:83:132:83:138":11,"b:87:126:87:132:87:132:87:138":12,"b:91:157:91:163:91:163:91:168":13,"b:95:126:95:132:95:132:95:138":14,"s:103:0:107:Infinity":10},"fnNames":{}}}
,"C:\\Users\\lenovo\\OneDrive\\Desktop\\fifa\\src\\services\\aiSim.js": {"path":"C:\\Users\\lenovo\\OneDrive\\Desktop\\fifa\\src\\services\\aiSim.js","statementMap":{"0":{"start":{"line":13,"column":6},"end":{"line":13,"column":null}},"1":{"start":{"line":13,"column":22},"end":{"line":13,"column":null}},"2":{"start":{"line":13,"column":45},"end":{"line":13,"column":68}},"3":{"start":{"line":16,"column":19},"end":{"line":16,"column":null}},"4":{"start":{"line":17,"column":16},"end":{"line":17,"column":null}},"5":{"start":{"line":21,"column":14},"end":{"line":21,"column":null}},"6":{"start":{"line":22,"column":2},"end":{"line":26,"column":null}},"7":{"start":{"line":24,"column":4},"end":{"line":24,"column":null}},"8":{"start":{"line":25,"column":4},"end":{"line":25,"column":null}},"9":{"start":{"line":28,"column":2},"end":{"line":31,"column":null}},"10":{"start":{"line":29,"column":4},"end":{"line":29,"column":null}},"11":{"start":{"line":30,"column":4},"end":{"line":30,"column":null}},"12":{"start":{"line":32,"column":2},"end":{"line":32,"column":null}},"13":{"start":{"line":35,"column":2},"end":{"line":37,"column":null}},"14":{"start":{"line":36,"column":4},"end":{"line":36,"column":null}},"15":{"start":{"line":39,"column":2},"end":{"line":39,"column":null}},"16":{"start":{"line":41,"column":19},"end":{"line":41,"column":null}},"17":{"start":{"line":43,"column":2},"end":{"line":45,"column":null}},"18":{"start":{"line":44,"column":4},"end":{"line":44,"column":null}},"19":{"start":{"line":47,"column":2},"end":{"line":49,"column":null}},"20":{"start":{"line":48,"column":4},"end":{"line":48,"column":null}},"21":{"start":{"line":51,"column":2},"end":{"line":53,"column":null}},"22":{"start":{"line":52,"column":4},"end":{"line":52,"column":null}},"23":{"start":{"line":55,"column":2},"end":{"line":57,"column":null}},"24":{"start":{"line":56,"column":4},"end":{"line":56,"column":null}},"25":{"start":{"line":59,"column":2},"end":{"line":59,"column":null}},"26":{"start":{"line":64,"column":17},"end":{"line":75,"column":null}},"27":{"start":{"line":77,"column":16},"end":{"line":77,"column":null}},"28":{"start":{"line":77,"column":33},"end":{"line":77,"column":52}},"29":{"start":{"line":78,"column":2},"end":{"line":80,"column":null}},"30":{"start":{"line":79,"column":4},"end":{"line":79,"column":null}},"31":{"start":{"line":81,"column":2},"end":{"line":81,"column":null}},"32":{"start":{"line":85,"column":2},"end":{"line":89,"column":null}},"33":{"start":{"line":93,"column":2},"end":{"line":98,"column":null}}},"fnMap":{"0":{"name":"(anonymous_0)","decl":{"start":{"line":13,"column":6},"end":{"line":13,"column":15}},"loc":{"start":{"line":13,"column":22},"end":{"line":13,"column":null}},"line":13},"1":{"name":"(anonymous_1)","decl":{"start":{"line":13,"column":26},"end":{"line":13,"column":34}},"loc":{"start":{"line":13,"column":45},"end":{"line":13,"column":68}},"line":13},"2":{"name":"simulateAIResponse","decl":{"start":{"line":19,"column":22},"end":{"line":19,"column":41}},"loc":{"start":{"line":19,"column":50},"end":{"line":60,"column":null}},"line":19},"3":{"name":"simulateLiveMatchData","decl":{"start":{"line":62,"column":22},"end":{"line":62,"column":44}},"loc":{"start":{"line":62,"column":52},"end":{"line":82,"column":null}},"line":62},"4":{"name":"(anonymous_4)","decl":{"start":{"line":77,"column":23},"end":{"line":77,"column":28}},"loc":{"start":{"line":77,"column":33},"end":{"line":77,"column":52}},"line":77},"5":{"name":"getStaffInsights","decl":{"start":{"line":84,"column":16},"end":{"line":84,"column":35}},"loc":{"start":{"line":84,"column":35},"end":{"line":90,"column":null}},"line":84},"6":{"name":"getStadiumMetrics","decl":{"start":{"line":92,"column":16},"end":{"line":92,"column":36}},"loc":{"start":{"line":92,"column":36},"end":{"line":99,"column":null}},"line":92}},"branchMap":{"0":{"loc":{"start":{"line":22,"column":2},"end":{"line":26,"column":null}},"type":"if","locations":[{"start":{"line":22,"column":2},"end":{"line":26,"column":null}},{"start":{},"end":{}}],"line":22},"1":{"loc":{"start":{"line":28,"column":2},"end":{"line":31,"column":null}},"type":"if","locations":[{"start":{"line":28,"column":2},"end":{"line":31,"column":null}},{"start":{},"end":{}}],"line":28},"2":{"loc":{"start":{"line":35,"column":2},"end":{"line":37,"column":null}},"type":"if","locations":[{"start":{"line":35,"column":2},"end":{"line":37,"column":null}},{"start":{},"end":{}}],"line":35},"3":{"loc":{"start":{"line":35,"column":6},"end":{"line":35,"column":40}},"type":"binary-expr","locations":[{"start":{"line":35,"column":6},"end":{"line":35,"column":18}},{"start":{"line":35,"column":18},"end":{"line":35,"column":40}}],"line":35},"4":{"loc":{"start":{"line":43,"column":2},"end":{"line":45,"column":null}},"type":"if","locations":[{"start":{"line":43,"column":2},"end":{"line":45,"column":null}},{"start":{},"end":{}}],"line":43},"5":{"loc":{"start":{"line":43,"column":6},"end":{"line":43,"column":61}},"type":"binary-expr","locations":[{"start":{"line":43,"column":6},"end":{"line":43,"column":35}},{"start":{"line":43,"column":35},"end":{"line":43,"column":61}}],"line":43},"6":{"loc":{"start":{"line":47,"column":2},"end":{"line":49,"column":null}},"type":"if","locations":[{"start":{"line":47,"column":2},"end":{"line":49,"column":null}},{"start":{},"end":{}}],"line":47},"7":{"loc":{"start":{"line":47,"column":6},"end":{"line":47,"column":101}},"type":"binary-expr","locations":[{"start":{"line":47,"column":6},"end":{"line":47,"column":39}},{"start":{"line":47,"column":39},"end":{"line":47,"column":72}},{"start":{"line":47,"column":72},"end":{"line":47,"column":101}}],"line":47},"8":{"loc":{"start":{"line":51,"column":2},"end":{"line":53,"column":null}},"type":"if","locations":[{"start":{"line":51,"column":2},"end":{"line":53,"column":null}},{"start":{},"end":{}}],"line":51},"9":{"loc":{"start":{"line":51,"column":6},"end":{"line":51,"column":92}},"type":"binary-expr","locations":[{"start":{"line":51,"column":6},"end":{"line":51,"column":35}},{"start":{"line":51,"column":35},"end":{"line":51,"column":65}},{"start":{"line":51,"column":65},"end":{"line":51,"column":92}}],"line":51},"10":{"loc":{"start":{"line":55,"column":2},"end":{"line":57,"column":null}},"type":"if","locations":[{"start":{"line":55,"column":2},"end":{"line":57,"column":null}},{"start":{},"end":{}}],"line":55},"11":{"loc":{"start":{"line":55,"column":6},"end":{"line":55,"column":101}},"type":"binary-expr","locations":[{"start":{"line":55,"column":6},"end":{"line":55,"column":39}},{"start":{"line":55,"column":39},"end":{"line":55,"column":73}},{"start":{"line":55,"column":73},"end":{"line":55,"column":101}}],"line":55},"12":{"loc":{"start":{"line":78,"column":2},"end":{"line":80,"column":null}},"type":"if","locations":[{"start":{"line":78,"column":2},"end":{"line":80,"column":null}},{"start":{},"end":{}}],"line":78}},"s":{"0":2,"1":1,"2":1,"3":2,"4":2,"5":3,"6":3,"7":0,"8":0,"9":3,"10":0,"11":0,"12":3,"13":3,"14":2,"15":1,"16":1,"17":1,"18":1,"19":0,"20":0,"21":0,"22":0,"23":0,"24":0,"25":0,"26":1,"27":1,"28":3,"29":1,"30":1,"31":0,"32":5,"33":5},"f":{"0":1,"1":1,"2":3,"3":1,"4":3,"5":5,"6":5},"b":{"0":[0,3],"1":[0,3],"2":[2,1],"3":[3,2],"4":[1,0],"5":[1,0],"6":[0,0],"7":[0,0,0],"8":[0,0],"9":[0,0,0],"10":[0,0],"11":[0,0,0],"12":[1,0]},"meta":{"lastBranch":13,"lastFunction":7,"lastStatement":34,"seen":{"s:13:6:13:Infinity":0,"f:13:6:13:15":0,"s:13:22:13:Infinity":1,"f:13:26:13:34":1,"s:13:45:13:68":2,"s:16:19:16:Infinity":3,"s:17:16:17:Infinity":4,"f:19:22:19:41":2,"s:21:14:21:Infinity":5,"b:22:2:26:Infinity:undefined:undefined:undefined:undefined":0,"s:22:2:26:Infinity":6,"s:24:4:24:Infinity":7,"s:25:4:25:Infinity":8,"b:28:2:31:Infinity:undefined:undefined:undefined:undefined":1,"s:28:2:31:Infinity":9,"s:29:4:29:Infinity":10,"s:30:4:30:Infinity":11,"s:32:2:32:Infinity":12,"b:35:2:37:Infinity:undefined:undefined:undefined:undefined":2,"s:35:2:37:Infinity":13,"b:35:6:35:18:35:18:35:40":3,"s:36:4:36:Infinity":14,"s:39:2:39:Infinity":15,"s:41:19:41:Infinity":16,"b:43:2:45:Infinity:undefined:undefined:undefined:undefined":4,"s:43:2:45:Infinity":17,"b:43:6:43:35:43:35:43:61":5,"s:44:4:44:Infinity":18,"b:47:2:49:Infinity:undefined:undefined:undefined:undefined":6,"s:47:2:49:Infinity":19,"b:47:6:47:39:47:39:47:72:47:72:47:101":7,"s:48:4:48:Infinity":20,"b:51:2:53:Infinity:undefined:undefined:undefined:undefined":8,"s:51:2:53:Infinity":21,"b:51:6:51:35:51:35:51:65:51:65:51:92":9,"s:52:4:52:Infinity":22,"b:55:2:57:Infinity:undefined:undefined:undefined:undefined":10,"s:55:2:57:Infinity":23,"b:55:6:55:39:55:39:55:73:55:73:55:101":11,"s:56:4:56:Infinity":24,"s:59:2:59:Infinity":25,"f:62:22:62:44":3,"s:64:17:75:Infinity":26,"s:77:16:77:Infinity":27,"f:77:23:77:28":4,"s:77:33:77:52":28,"b:78:2:80:Infinity:undefined:undefined:undefined:undefined":12,"s:78:2:80:Infinity":29,"s:79:4:79:Infinity":30,"s:81:2:81:Infinity":31,"f:84:16:84:35":5,"s:85:2:89:Infinity":32,"f:92:16:92:36":6,"s:93:2:98:Infinity":33},"fnNames":{}}}
}
